Started GET "/" for ::1 at 2019-11-04 18:02:47 -0800

PG::ConnectionBad - FATAL:  database "Racket_development" does not exist
:

Started POST "/__better_errors/ac94fbb6694f5acd/variables" for ::1 at 2019-11-04 18:02:47 -0800
  [1m[35m (326.7ms)[0m  [1m[35mCREATE DATABASE "Racket_development" ENCODING = 'unicode'[0m
  ↳ bin/rails:9
  [1m[35m (253.0ms)[0m  [1m[35mCREATE DATABASE "Racket_test" ENCODING = 'unicode'[0m
  ↳ bin/rails:9
Started GET "/" for ::1 at 2019-11-04 18:03:28 -0800
Processing by StaticPagesController#root as HTML
  Rendering static_pages/root.html.erb within layouts/application
  Rendered static_pages/root.html.erb within layouts/application (1.5ms)
Completed 500 Internal Server Error in 228ms (ActiveRecord: 0.0ms)



Sprockets::FileNotFound - couldn't find file 'jquery-ujs' with type 'application/javascript'
Checked in these paths: 
  /Users/appacademy/Downloads/Racket/app/assets/config
  /Users/appacademy/Downloads/Racket/app/assets/images
  /Users/appacademy/Downloads/Racket/app/assets/javascripts
  /Users/appacademy/Downloads/Racket/app/assets/stylesheets
  /Users/appacademy/.rbenv/versions/2.5.1/lib/ruby/gems/2.5.0/gems/jquery-rails-4.3.5/vendor/assets/javascripts
  /Users/appacademy/.rbenv/versions/2.5.1/lib/ruby/gems/2.5.0/gems/coffee-rails-4.2.2/lib/assets/javascripts
  /Users/appacademy/.rbenv/versions/2.5.1/lib/ruby/gems/2.5.0/gems/actioncable-5.2.3/lib/assets/compiled
  /Users/appacademy/.rbenv/versions/2.5.1/lib/ruby/gems/2.5.0/gems/activestorage-5.2.3/app/assets/javascripts
  /Users/appacademy/.rbenv/versions/2.5.1/lib/ruby/gems/2.5.0/gems/actionview-5.2.3/lib/assets/compiled
  /Users/appacademy/Downloads/Racket/node_modules:
  app/views/layouts/application.html.erb:8:in `_app_views_layouts_application_html_erb___112015515331189343_70233606510880'
  app/controllers/static_pages_controller.rb:3:in `root'

Started POST "/__better_errors/81427acb4b1b7871/variables" for ::1 at 2019-11-04 18:03:29 -0800
Started GET "/links" for ::1 at 2019-11-05 10:47:03 -0800

PG::ConnectionBad - FATAL:  database "Racket_development" does not exist
:

Started POST "/__better_errors/a633e7d6ea600a09/variables" for ::1 at 2019-11-05 10:47:04 -0800
Started GET "/" for ::1 at 2019-11-05 10:47:06 -0800

PG::ConnectionBad - FATAL:  database "Racket_development" does not exist
:

Started POST "/__better_errors/07c50af35750d5f3/variables" for ::1 at 2019-11-05 10:47:07 -0800
  [1m[35m (316.5ms)[0m  [1m[35mCREATE DATABASE "Racket_development" ENCODING = 'unicode'[0m
  ↳ bin/rails:9
  [1m[35m (255.6ms)[0m  [1m[35mCREATE DATABASE "Racket_test" ENCODING = 'unicode'[0m
  ↳ bin/rails:9
Started GET "/" for ::1 at 2019-11-05 10:47:44 -0800
Started GET "/" for ::1 at 2019-11-05 10:47:44 -0800
Processing by StaticPagesController#root as HTML
Processing by StaticPagesController#root as HTML
  Rendering static_pages/root.html.erb within layouts/application
  Rendering static_pages/root.html.erb within layouts/application
  Rendered static_pages/root.html.erb within layouts/application (6.4ms)
  Rendered static_pages/root.html.erb within layouts/application (0.0ms)
Completed 500 Internal Server Error in 449ms (ActiveRecord: 0.0ms)


Completed 500 Internal Server Error in 476ms (ActiveRecord: 0.0ms)



Sprockets::FileNotFound - couldn't find file 'jquery-ujs' with type 'application/javascript'
Checked in these paths: 
  /home/wolf/Downloads/Racket/app/assets/config
  /home/wolf/Downloads/Racket/app/assets/images
  /home/wolf/Downloads/Racket/app/assets/javascripts
  /home/wolf/Downloads/Racket/app/assets/stylesheets
  /home/wolf/.rbenv/versions/2.5.1/lib/ruby/gems/2.5.0/gems/jquery-rails-4.3.5/vendor/assets/javascripts
  /home/wolf/.rbenv/versions/2.5.1/lib/ruby/gems/2.5.0/gems/coffee-rails-4.2.2/lib/assets/javascripts
  /home/wolf/.rbenv/versions/2.5.1/lib/ruby/gems/2.5.0/gems/actioncable-5.2.3/lib/assets/compiled
  /home/wolf/.rbenv/versions/2.5.1/lib/ruby/gems/2.5.0/gems/activestorage-5.2.3/app/assets/javascripts
  /home/wolf/.rbenv/versions/2.5.1/lib/ruby/gems/2.5.0/gems/actionview-5.2.3/lib/assets/compiled
  /home/wolf/Downloads/Racket/node_modules:
  app/views/layouts/application.html.erb:8:in `_app_views_layouts_application_html_erb___1893097560776730913_47321184686260'
  app/controllers/static_pages_controller.rb:3:in `root'


Sprockets::FileNotFound - couldn't find file 'jquery-ujs' with type 'application/javascript'
Checked in these paths: 
  /home/wolf/Downloads/Racket/app/assets/config
  /home/wolf/Downloads/Racket/app/assets/images
  /home/wolf/Downloads/Racket/app/assets/javascripts
  /home/wolf/Downloads/Racket/app/assets/stylesheets
  /home/wolf/.rbenv/versions/2.5.1/lib/ruby/gems/2.5.0/gems/jquery-rails-4.3.5/vendor/assets/javascripts
  /home/wolf/.rbenv/versions/2.5.1/lib/ruby/gems/2.5.0/gems/coffee-rails-4.2.2/lib/assets/javascripts
  /home/wolf/.rbenv/versions/2.5.1/lib/ruby/gems/2.5.0/gems/actioncable-5.2.3/lib/assets/compiled
  /home/wolf/.rbenv/versions/2.5.1/lib/ruby/gems/2.5.0/gems/activestorage-5.2.3/app/assets/javascripts
  /home/wolf/.rbenv/versions/2.5.1/lib/ruby/gems/2.5.0/gems/actionview-5.2.3/lib/assets/compiled
  /home/wolf/Downloads/Racket/node_modules:
  app/views/layouts/application.html.erb:8:in `_app_views_layouts_application_html_erb___1893097560776730913_47321184686260'
  app/controllers/static_pages_controller.rb:3:in `root'

Started POST "/__better_errors/cd97e0f19063b738/variables" for ::1 at 2019-11-05 10:47:45 -0800
Started POST "/__better_errors/cd97e0f19063b738/variables" for ::1 at 2019-11-05 10:47:54 -0800
Started GET "/" for ::1 at 2019-11-05 10:51:39 -0800
Processing by StaticPagesController#root as HTML
  Rendering static_pages/root.html.erb within layouts/application
  Rendered static_pages/root.html.erb within layouts/application (1.9ms)
Completed 500 Internal Server Error in 227ms (ActiveRecord: 0.0ms)



Sprockets::FileNotFound - couldn't find file 'jquery-ujs' with type 'application/javascript'
Checked in these paths: 
  /home/wolf/Downloads/Racket/app/assets/config
  /home/wolf/Downloads/Racket/app/assets/images
  /home/wolf/Downloads/Racket/app/assets/javascripts
  /home/wolf/Downloads/Racket/app/assets/stylesheets
  /home/wolf/.rbenv/versions/2.5.1/lib/ruby/gems/2.5.0/gems/jquery-rails-4.3.5/vendor/assets/javascripts
  /home/wolf/.rbenv/versions/2.5.1/lib/ruby/gems/2.5.0/gems/coffee-rails-4.2.2/lib/assets/javascripts
  /home/wolf/.rbenv/versions/2.5.1/lib/ruby/gems/2.5.0/gems/actioncable-5.2.3/lib/assets/compiled
  /home/wolf/.rbenv/versions/2.5.1/lib/ruby/gems/2.5.0/gems/activestorage-5.2.3/app/assets/javascripts
  /home/wolf/.rbenv/versions/2.5.1/lib/ruby/gems/2.5.0/gems/actionview-5.2.3/lib/assets/compiled
  /home/wolf/Downloads/Racket/node_modules:
  app/views/layouts/application.html.erb:8:in `_app_views_layouts_application_html_erb___2288623156754889755_47009783934680'
  app/controllers/static_pages_controller.rb:3:in `root'

Started POST "/__better_errors/ecda71d4f1fa786b/variables" for ::1 at 2019-11-05 10:51:39 -0800
Started GET "/" for ::1 at 2019-11-05 10:58:09 -0800
Processing by StaticPagesController#root as HTML
  Rendering static_pages/root.html.erb within layouts/application
  Rendered static_pages/root.html.erb within layouts/application (0.5ms)
Completed 500 Internal Server Error in 227ms (ActiveRecord: 0.0ms)



Sprockets::FileNotFound - couldn't find file 'jquery-ujs' with type 'application/javascript'
Checked in these paths: 
  /home/wolf/Downloads/Racket/app/assets/config
  /home/wolf/Downloads/Racket/app/assets/images
  /home/wolf/Downloads/Racket/app/assets/javascripts
  /home/wolf/Downloads/Racket/app/assets/stylesheets
  /home/wolf/.rbenv/versions/2.5.1/lib/ruby/gems/2.5.0/gems/jquery-rails-4.3.5/vendor/assets/javascripts
  /home/wolf/.rbenv/versions/2.5.1/lib/ruby/gems/2.5.0/gems/coffee-rails-4.2.2/lib/assets/javascripts
  /home/wolf/.rbenv/versions/2.5.1/lib/ruby/gems/2.5.0/gems/actioncable-5.2.3/lib/assets/compiled
  /home/wolf/.rbenv/versions/2.5.1/lib/ruby/gems/2.5.0/gems/activestorage-5.2.3/app/assets/javascripts
  /home/wolf/.rbenv/versions/2.5.1/lib/ruby/gems/2.5.0/gems/actionview-5.2.3/lib/assets/compiled
  /home/wolf/Downloads/Racket/node_modules:
  app/views/layouts/application.html.erb:8:in `_app_views_layouts_application_html_erb__3346503749729993389_47238685801980'
  app/controllers/static_pages_controller.rb:3:in `root'

Started POST "/__better_errors/3a0501161c2c1ac7/variables" for ::1 at 2019-11-05 10:58:09 -0800
Started GET "/" for ::1 at 2019-11-05 11:02:12 -0800
Processing by StaticPagesController#root as HTML
  Rendering static_pages/root.html.erb within layouts/application
  Rendered static_pages/root.html.erb within layouts/application (0.7ms)
Completed 500 Internal Server Error in 248ms (ActiveRecord: 0.0ms)



Sprockets::FileNotFound - couldn't find file 'jquery-ujs' with type 'application/javascript'
Checked in these paths: 
  /home/wolf/Downloads/Racket/app/assets/config
  /home/wolf/Downloads/Racket/app/assets/images
  /home/wolf/Downloads/Racket/app/assets/javascripts
  /home/wolf/Downloads/Racket/app/assets/stylesheets
  /home/wolf/.rbenv/versions/2.5.1/lib/ruby/gems/2.5.0/gems/jquery-rails-4.3.5/vendor/assets/javascripts
  /home/wolf/.rbenv/versions/2.5.1/lib/ruby/gems/2.5.0/gems/coffee-rails-4.2.2/lib/assets/javascripts
  /home/wolf/.rbenv/versions/2.5.1/lib/ruby/gems/2.5.0/gems/actioncable-5.2.3/lib/assets/compiled
  /home/wolf/.rbenv/versions/2.5.1/lib/ruby/gems/2.5.0/gems/activestorage-5.2.3/app/assets/javascripts
  /home/wolf/.rbenv/versions/2.5.1/lib/ruby/gems/2.5.0/gems/actionview-5.2.3/lib/assets/compiled
  /home/wolf/.rbenv/versions/2.5.1/lib/ruby/gems/2.5.0/gems/turbolinks-source-5.2.0/lib/assets/javascripts
  /home/wolf/Downloads/Racket/node_modules:
  app/views/layouts/application.html.erb:8:in `_app_views_layouts_application_html_erb__1319480392885953135_47368075279980'
  app/controllers/static_pages_controller.rb:3:in `root'

Started POST "/__better_errors/ca401bf32ad50d4b/variables" for ::1 at 2019-11-05 11:02:13 -0800
Started GET "/" for ::1 at 2019-11-05 11:03:59 -0800
Processing by StaticPagesController#root as HTML
  Rendering static_pages/root.html.erb within layouts/application
  Rendered static_pages/root.html.erb within layouts/application (0.4ms)
Completed 200 OK in 2025ms (Views: 2024.7ms | ActiveRecord: 0.0ms)


Started GET "/" for ::1 at 2019-11-05 13:25:50 -0800

PG::ConnectionBad - FATAL:  database "Racket_development" does not exist
:

Started POST "/__better_errors/8f6672b13e99be6e/variables" for ::1 at 2019-11-05 13:25:50 -0800
  [1m[35m (333.8ms)[0m  [1m[35mCREATE DATABASE "Racket_development" ENCODING = 'unicode'[0m
  ↳ bin/rails:9
  [1m[35m (241.3ms)[0m  [1m[35mCREATE DATABASE "Racket_test" ENCODING = 'unicode'[0m
  ↳ bin/rails:9
Started GET "/" for ::1 at 2019-11-05 13:26:11 -0800
Processing by StaticPagesController#root as HTML
  Rendering static_pages/root.html.erb within layouts/application
  Rendered static_pages/root.html.erb within layouts/application (2.2ms)
Completed 200 OK in 1844ms (Views: 1843.5ms | ActiveRecord: 0.0ms)


Started GET "/" for ::1 at 2019-11-05 13:26:41 -0800
Processing by StaticPagesController#root as HTML
  Rendering static_pages/root.html.erb within layouts/application
  Rendered static_pages/root.html.erb within layouts/application (0.7ms)
Completed 200 OK in 36ms (Views: 35.5ms | ActiveRecord: 0.0ms)


  [1m[35m (16.9ms)[0m  [1m[35mCREATE TABLE "schema_migrations" ("version" character varying NOT NULL PRIMARY KEY)[0m
  ↳ bin/rails:9
  [1m[35m (21.6ms)[0m  [1m[35mCREATE TABLE "ar_internal_metadata" ("key" character varying NOT NULL PRIMARY KEY, "value" character varying, "created_at" timestamp NOT NULL, "updated_at" timestamp NOT NULL)[0m
  ↳ bin/rails:9
  [1m[35m (1.1ms)[0m  [1m[34mSELECT pg_try_advisory_lock(875875955369616390)[0m
  ↳ bin/rails:9
  [1m[35m (1.0ms)[0m  [1m[34mSELECT "schema_migrations"."version" FROM "schema_migrations" ORDER BY "schema_migrations"."version" ASC[0m
  ↳ bin/rails:9
Migrating to CreateUsers (20191105212727)
  [1m[35m (0.2ms)[0m  [1m[35mBEGIN[0m
  ↳ bin/rails:9
  [1m[35m (24.4ms)[0m  [1m[35mCREATE TABLE "users" ("id" bigserial primary key, "username" character varying NOT NULL, "email" character varying NOT NULL, "password_digest" character varying NOT NULL, "session_token" character varying NOT NULL, "created_at" timestamp NOT NULL, "updated_at" timestamp NOT NULL)[0m
  ↳ db/migrate/20191105212727_create_users.rb:3
  [1m[35m (1.0ms)[0m  [1m[35mCREATE UNIQUE INDEX  "index_users_on_username" ON "users"  ("username")[0m
  ↳ db/migrate/20191105212727_create_users.rb:11
  [1m[35m (1.2ms)[0m  [1m[35mCREATE UNIQUE INDEX  "index_users_on_email" ON "users"  ("email")[0m
  ↳ db/migrate/20191105212727_create_users.rb:12
  [1m[35m (1.1ms)[0m  [1m[35mCREATE UNIQUE INDEX  "index_users_on_session_token" ON "users"  ("session_token")[0m
  ↳ db/migrate/20191105212727_create_users.rb:13
  [1m[36mActiveRecord::SchemaMigration Create (1.2ms)[0m  [1m[32mINSERT INTO "schema_migrations" ("version") VALUES ($1) RETURNING "version"[0m  [["version", "20191105212727"]]
  ↳ bin/rails:9
  [1m[35m (0.5ms)[0m  [1m[35mCOMMIT[0m
  ↳ bin/rails:9
  [1m[36mActiveRecord::InternalMetadata Load (0.5ms)[0m  [1m[34mSELECT  "ar_internal_metadata".* FROM "ar_internal_metadata" WHERE "ar_internal_metadata"."key" = $1 LIMIT $2[0m  [["key", "environment"], ["LIMIT", 1]]
  ↳ bin/rails:9
  [1m[35m (0.2ms)[0m  [1m[35mBEGIN[0m
  ↳ bin/rails:9
  [1m[36mActiveRecord::InternalMetadata Create (7.8ms)[0m  [1m[32mINSERT INTO "ar_internal_metadata" ("key", "value", "created_at", "updated_at") VALUES ($1, $2, $3, $4) RETURNING "key"[0m  [["key", "environment"], ["value", "development"], ["created_at", "2019-11-05 21:29:34.104932"], ["updated_at", "2019-11-05 21:29:34.104932"]]
  ↳ bin/rails:9
  [1m[35m (5.0ms)[0m  [1m[35mCOMMIT[0m
  ↳ bin/rails:9
  [1m[35m (0.4ms)[0m  [1m[34mSELECT pg_advisory_unlock(875875955369616390)[0m
  ↳ bin/rails:9
  [1m[35m (0.9ms)[0m  [1m[34mSELECT "schema_migrations"."version" FROM "schema_migrations" ORDER BY "schema_migrations"."version" ASC[0m
  ↳ bin/rails:9
Started GET "/" for ::1 at 2019-11-05 13:58:19 -0800
  [1m[35m (1.6ms)[0m  [1m[34mSELECT "schema_migrations"."version" FROM "schema_migrations" ORDER BY "schema_migrations"."version" ASC[0m
  ↳ /Users/appacademy/.rbenv/versions/2.5.1/lib/ruby/gems/2.5.0/gems/activerecord-5.2.3/lib/active_record/log_subscriber.rb:98
Processing by StaticPagesController#root as HTML
  Rendering static_pages/root.html.erb within layouts/application
  Rendered static_pages/root.html.erb within layouts/application (1.6ms)
Completed 200 OK in 998ms (Views: 997.2ms | ActiveRecord: 0.0ms)


Started GET "/" for ::1 at 2019-11-05 14:14:12 -0800
  [1m[35m (1.2ms)[0m  [1m[34mSELECT "schema_migrations"."version" FROM "schema_migrations" ORDER BY "schema_migrations"."version" ASC[0m
  ↳ /Users/appacademy/.rbenv/versions/2.5.1/lib/ruby/gems/2.5.0/gems/activerecord-5.2.3/lib/active_record/log_subscriber.rb:98
Processing by StaticPagesController#root as HTML
  Rendering static_pages/root.html.erb within layouts/application
  Rendered static_pages/root.html.erb within layouts/application (2.0ms)
Completed 200 OK in 1642ms (Views: 1640.9ms | ActiveRecord: 0.0ms)


Started GET "/" for ::1 at 2019-11-05 14:17:02 -0800
Processing by StaticPagesController#root as HTML
  Rendering static_pages/root.html.erb within layouts/application
  Rendered static_pages/root.html.erb within layouts/application (0.6ms)
Completed 200 OK in 455ms (Views: 454.8ms | ActiveRecord: 0.0ms)


Started GET "/" for ::1 at 2019-11-05 14:17:06 -0800
Processing by StaticPagesController#root as HTML
  Rendering static_pages/root.html.erb within layouts/application
  Rendered static_pages/root.html.erb within layouts/application (0.6ms)
Completed 200 OK in 32ms (Views: 32.2ms | ActiveRecord: 0.0ms)


Started GET "/" for ::1 at 2019-11-05 14:17:14 -0800
Processing by StaticPagesController#root as HTML
  Rendering static_pages/root.html.erb within layouts/application
  Rendered static_pages/root.html.erb within layouts/application (0.5ms)
Completed 200 OK in 464ms (Views: 463.4ms | ActiveRecord: 0.0ms)


Started GET "/" for ::1 at 2019-11-05 14:17:15 -0800
Processing by StaticPagesController#root as HTML
  Rendering static_pages/root.html.erb within layouts/application
  Rendered static_pages/root.html.erb within layouts/application (0.4ms)
Completed 200 OK in 41ms (Views: 40.7ms | ActiveRecord: 0.0ms)


Started GET "/" for ::1 at 2019-11-05 14:17:17 -0800
Processing by StaticPagesController#root as HTML
  Rendering static_pages/root.html.erb within layouts/application
  Rendered static_pages/root.html.erb within layouts/application (0.3ms)
Completed 200 OK in 37ms (Views: 37.1ms | ActiveRecord: 0.0ms)


Started GET "/" for ::1 at 2019-11-05 14:19:09 -0800
Processing by StaticPagesController#root as HTML
  Rendering static_pages/root.html.erb within layouts/application
  Rendered static_pages/root.html.erb within layouts/application (0.6ms)
Completed 200 OK in 494ms (Views: 493.3ms | ActiveRecord: 0.0ms)


Started GET "/" for ::1 at 2019-11-05 14:19:11 -0800
Processing by StaticPagesController#root as HTML
  Rendering static_pages/root.html.erb within layouts/application
  Rendered static_pages/root.html.erb within layouts/application (0.5ms)
Completed 200 OK in 45ms (Views: 45.1ms | ActiveRecord: 0.0ms)


Started GET "/" for ::1 at 2019-11-05 14:21:55 -0800
Processing by StaticPagesController#root as HTML
  Rendering static_pages/root.html.erb within layouts/application
  Rendered static_pages/root.html.erb within layouts/application (0.4ms)
Completed 200 OK in 458ms (Views: 457.9ms | ActiveRecord: 0.0ms)


Started GET "/" for ::1 at 2019-11-05 14:22:14 -0800
Processing by StaticPagesController#root as HTML
  Rendering static_pages/root.html.erb within layouts/application
  Rendered static_pages/root.html.erb within layouts/application (0.5ms)
Completed 200 OK in 59ms (Views: 58.6ms | ActiveRecord: 0.0ms)


Started GET "/" for ::1 at 2019-11-05 14:22:26 -0800
Processing by StaticPagesController#root as HTML
  Rendering static_pages/root.html.erb within layouts/application
  Rendered static_pages/root.html.erb within layouts/application (0.5ms)
Completed 200 OK in 415ms (Views: 415.1ms | ActiveRecord: 0.0ms)


Started GET "/" for ::1 at 2019-11-05 14:23:50 -0800
Processing by StaticPagesController#root as HTML
  Rendering static_pages/root.html.erb within layouts/application
  Rendered static_pages/root.html.erb within layouts/application (0.6ms)
Completed 200 OK in 63ms (Views: 62.3ms | ActiveRecord: 0.0ms)


Started GET "/" for ::1 at 2019-11-05 14:23:51 -0800
Processing by StaticPagesController#root as HTML
  Rendering static_pages/root.html.erb within layouts/application
  Rendered static_pages/root.html.erb within layouts/application (0.3ms)
Completed 200 OK in 45ms (Views: 44.9ms | ActiveRecord: 0.0ms)


Started GET "/" for ::1 at 2019-11-05 14:24:37 -0800
Processing by StaticPagesController#root as HTML
  Rendering static_pages/root.html.erb within layouts/application
  Rendered static_pages/root.html.erb within layouts/application (0.6ms)
Completed 200 OK in 500ms (Views: 499.9ms | ActiveRecord: 0.0ms)


Started GET "/" for ::1 at 2019-11-05 14:42:29 -0800
  [1m[35m (1.3ms)[0m  [1m[34mSELECT "schema_migrations"."version" FROM "schema_migrations" ORDER BY "schema_migrations"."version" ASC[0m
  ↳ /Users/appacademy/.rbenv/versions/2.5.1/lib/ruby/gems/2.5.0/gems/activerecord-5.2.3/lib/active_record/log_subscriber.rb:98
Processing by StaticPagesController#root as HTML
  Rendering static_pages/root.html.erb within layouts/application
  Rendered static_pages/root.html.erb within layouts/application (2.0ms)
Completed 200 OK in 1595ms (Views: 1595.0ms | ActiveRecord: 0.0ms)


Started GET "/" for ::1 at 2019-11-05 14:43:51 -0800
Processing by StaticPagesController#root as HTML
  Rendering static_pages/root.html.erb within layouts/application
  Rendered static_pages/root.html.erb within layouts/application (0.8ms)
Completed 200 OK in 442ms (Views: 442.0ms | ActiveRecord: 0.0ms)


Started GET "/" for ::1 at 2019-11-05 14:45:24 -0800
Processing by StaticPagesController#root as HTML
  Rendering static_pages/root.html.erb within layouts/application
  Rendered static_pages/root.html.erb within layouts/application (0.6ms)
Completed 200 OK in 444ms (Views: 443.6ms | ActiveRecord: 0.0ms)


Started GET "/" for ::1 at 2019-11-05 14:45:46 -0800
Processing by StaticPagesController#root as HTML
  Rendering static_pages/root.html.erb within layouts/application
  Rendered static_pages/root.html.erb within layouts/application (0.6ms)
Completed 200 OK in 533ms (Views: 532.8ms | ActiveRecord: 0.0ms)


Started GET "/" for ::1 at 2019-11-05 14:46:59 -0800
Processing by StaticPagesController#root as HTML
  Rendering static_pages/root.html.erb within layouts/application
  Rendered static_pages/root.html.erb within layouts/application (0.5ms)
Completed 200 OK in 45ms (Views: 45.2ms | ActiveRecord: 0.0ms)


Started GET "/" for ::1 at 2019-11-05 14:47:53 -0800
Processing by StaticPagesController#root as HTML
  Rendering static_pages/root.html.erb within layouts/application
  Rendered static_pages/root.html.erb within layouts/application (0.5ms)
Completed 200 OK in 37ms (Views: 36.5ms | ActiveRecord: 0.0ms)


Started GET "/" for ::1 at 2019-11-05 14:47:55 -0800
Processing by StaticPagesController#root as HTML
  Rendering static_pages/root.html.erb within layouts/application
  Rendered static_pages/root.html.erb within layouts/application (0.3ms)
Completed 200 OK in 487ms (Views: 486.6ms | ActiveRecord: 0.0ms)


Started GET "/" for ::1 at 2019-11-05 14:49:49 -0800
Processing by StaticPagesController#root as HTML
  Rendering static_pages/root.html.erb within layouts/application
  Rendered static_pages/root.html.erb within layouts/application (0.3ms)
Completed 200 OK in 494ms (Views: 494.0ms | ActiveRecord: 0.0ms)


Started GET "/" for ::1 at 2019-11-05 14:53:26 -0800
  [1m[35m (1.1ms)[0m  [1m[34mSELECT "schema_migrations"."version" FROM "schema_migrations" ORDER BY "schema_migrations"."version" ASC[0m
  ↳ /Users/appacademy/.rbenv/versions/2.5.1/lib/ruby/gems/2.5.0/gems/activerecord-5.2.3/lib/active_record/log_subscriber.rb:98
Processing by StaticPagesController#root as HTML
  Rendering static_pages/root.html.erb within layouts/application
  Rendered static_pages/root.html.erb within layouts/application (1.6ms)
Completed 200 OK in 1685ms (Views: 1684.5ms | ActiveRecord: 0.0ms)


Started GET "/" for ::1 at 2019-11-05 14:53:30 -0800
Processing by StaticPagesController#root as HTML
  Rendering static_pages/root.html.erb within layouts/application
  Rendered static_pages/root.html.erb within layouts/application (0.5ms)
Completed 200 OK in 33ms (Views: 33.3ms | ActiveRecord: 0.0ms)


Started GET "/" for ::1 at 2019-11-05 14:53:32 -0800
Processing by StaticPagesController#root as HTML
  Rendering static_pages/root.html.erb within layouts/application
  Rendered static_pages/root.html.erb within layouts/application (0.5ms)
Completed 200 OK in 472ms (Views: 472.1ms | ActiveRecord: 0.0ms)


Started GET "/" for ::1 at 2019-11-05 15:14:25 -0800
Processing by StaticPagesController#root as HTML
  Rendering static_pages/root.html.erb within layouts/application
  Rendered static_pages/root.html.erb within layouts/application (0.5ms)
Completed 200 OK in 497ms (Views: 496.5ms | ActiveRecord: 0.0ms)


Started GET "/" for ::1 at 2019-11-05 15:23:37 -0800
Processing by StaticPagesController#root as HTML
  Rendering static_pages/root.html.erb within layouts/application
  Rendered static_pages/root.html.erb within layouts/application (0.8ms)
Completed 200 OK in 473ms (Views: 472.7ms | ActiveRecord: 0.0ms)


Started GET "/" for ::1 at 2019-11-05 15:24:01 -0800
Processing by StaticPagesController#root as HTML
  Rendering static_pages/root.html.erb within layouts/application
  Rendered static_pages/root.html.erb within layouts/application (0.6ms)
Completed 200 OK in 509ms (Views: 508.9ms | ActiveRecord: 0.0ms)


Started GET "/" for ::1 at 2019-11-05 15:24:13 -0800
Processing by StaticPagesController#root as HTML
  Rendering static_pages/root.html.erb within layouts/application
  Rendered static_pages/root.html.erb within layouts/application (0.4ms)
Completed 200 OK in 48ms (Views: 47.7ms | ActiveRecord: 0.0ms)


Started GET "/" for ::1 at 2019-11-05 15:24:17 -0800
Processing by StaticPagesController#root as HTML
  Rendering static_pages/root.html.erb within layouts/application
  Rendered static_pages/root.html.erb within layouts/application (0.3ms)
Completed 200 OK in 456ms (Views: 455.8ms | ActiveRecord: 0.0ms)


Started GET "/" for ::1 at 2019-11-05 15:25:41 -0800
Processing by StaticPagesController#root as HTML
  Rendering static_pages/root.html.erb within layouts/application
  Rendered static_pages/root.html.erb within layouts/application (0.3ms)
Completed 200 OK in 478ms (Views: 477.3ms | ActiveRecord: 0.0ms)


Started GET "/" for ::1 at 2019-11-05 15:25:45 -0800
Processing by StaticPagesController#root as HTML
  Rendering static_pages/root.html.erb within layouts/application
  Rendered static_pages/root.html.erb within layouts/application (0.5ms)
Completed 200 OK in 56ms (Views: 56.0ms | ActiveRecord: 0.0ms)


Started GET "/" for ::1 at 2019-11-05 15:27:13 -0800
Processing by StaticPagesController#root as HTML
  Rendering static_pages/root.html.erb within layouts/application
  Rendered static_pages/root.html.erb within layouts/application (0.4ms)
Completed 200 OK in 479ms (Views: 479.0ms | ActiveRecord: 0.0ms)


Started GET "/" for ::1 at 2019-11-05 15:27:37 -0800
Processing by StaticPagesController#root as HTML
  Rendering static_pages/root.html.erb within layouts/application
  Rendered static_pages/root.html.erb within layouts/application (1.0ms)
Completed 200 OK in 606ms (Views: 606.0ms | ActiveRecord: 0.0ms)


Started GET "/" for ::1 at 2019-11-05 15:27:49 -0800
Processing by StaticPagesController#root as HTML
  Rendering static_pages/root.html.erb within layouts/application
  Rendered static_pages/root.html.erb within layouts/application (0.5ms)
Completed 200 OK in 274ms (Views: 274.0ms | ActiveRecord: 0.0ms)


Started GET "/" for ::1 at 2019-11-05 15:27:51 -0800
Processing by StaticPagesController#root as HTML
  Rendering static_pages/root.html.erb within layouts/application
  Rendered static_pages/root.html.erb within layouts/application (0.4ms)
Completed 200 OK in 494ms (Views: 493.5ms | ActiveRecord: 0.0ms)


Started GET "/" for ::1 at 2019-11-05 15:46:15 -0800
Processing by StaticPagesController#root as HTML
  Rendering static_pages/root.html.erb within layouts/application
  Rendered static_pages/root.html.erb within layouts/application (0.7ms)
Completed 200 OK in 348ms (Views: 347.7ms | ActiveRecord: 0.0ms)


  
ActionController::RoutingError (No route matches [GET] "/assets/stylesheets/login.css"):
  
  
actionpack (5.2.3) lib/action_dispatch/middleware/debug_exceptions.rb:65:in `call'
web-console (3.7.0) lib/web_console/middleware.rb:135:in `call_app'
web-console (3.7.0) lib/web_console/middleware.rb:30:in `block in call'
web-console (3.7.0) lib/web_console/middleware.rb:20:in `catch'
web-console (3.7.0) lib/web_console/middleware.rb:20:in `call'
actionpack (5.2.3) lib/action_dispatch/middleware/show_exceptions.rb:33:in `call'
railties (5.2.3) lib/rails/rack/logger.rb:38:in `call_app'
railties (5.2.3) lib/rails/rack/logger.rb:26:in `block in call'
activesupport (5.2.3) lib/active_support/tagged_logging.rb:71:in `block in tagged'
activesupport (5.2.3) lib/active_support/tagged_logging.rb:28:in `tagged'
activesupport (5.2.3) lib/active_support/tagged_logging.rb:71:in `tagged'
railties (5.2.3) lib/rails/rack/logger.rb:26:in `call'
sprockets-rails (3.2.1) lib/sprockets/rails/quiet_assets.rb:11:in `block in call'
activesupport (5.2.3) lib/active_support/logger_silence.rb:21:in `silence'
activesupport (5.2.3) lib/active_support/logger.rb:65:in `block (3 levels) in broadcast'
activesupport (5.2.3) lib/active_support/logger_silence.rb:21:in `silence'
activesupport (5.2.3) lib/active_support/logger.rb:63:in `block (2 levels) in broadcast'
sprockets-rails (3.2.1) lib/sprockets/rails/quiet_assets.rb:11:in `call'
actionpack (5.2.3) lib/action_dispatch/middleware/remote_ip.rb:81:in `call'
actionpack (5.2.3) lib/action_dispatch/middleware/request_id.rb:27:in `call'
rack (2.0.7) lib/rack/method_override.rb:22:in `call'
rack (2.0.7) lib/rack/runtime.rb:22:in `call'
activesupport (5.2.3) lib/active_support/cache/strategy/local_cache_middleware.rb:29:in `call'
actionpack (5.2.3) lib/action_dispatch/middleware/executor.rb:14:in `call'
actionpack (5.2.3) lib/action_dispatch/middleware/static.rb:127:in `call'
rack (2.0.7) lib/rack/sendfile.rb:111:in `call'
railties (5.2.3) lib/rails/engine.rb:524:in `call'
puma (3.12.1) lib/puma/configuration.rb:227:in `call'
puma (3.12.1) lib/puma/server.rb:660:in `handle_request'
puma (3.12.1) lib/puma/server.rb:474:in `process_client'
puma (3.12.1) lib/puma/server.rb:334:in `block in run'
puma (3.12.1) lib/puma/thread_pool.rb:135:in `block in spawn_thread'
ActionController::RoutingError (No route matches [GET] "/assets/stylesheets/reset.css"):
  
actionpack (5.2.3) lib/action_dispatch/middleware/debug_exceptions.rb:65:in `call'
web-console (3.7.0) lib/web_console/middleware.rb:135:in `call_app'
web-console (3.7.0) lib/web_console/middleware.rb:30:in `block in call'
web-console (3.7.0) lib/web_console/middleware.rb:20:in `catch'
web-console (3.7.0) lib/web_console/middleware.rb:20:in `call'
actionpack (5.2.3) lib/action_dispatch/middleware/show_exceptions.rb:33:in `call'
railties (5.2.3) lib/rails/rack/logger.rb:38:in `call_app'
railties (5.2.3) lib/rails/rack/logger.rb:26:in `block in call'
activesupport (5.2.3) lib/active_support/tagged_logging.rb:71:in `block in tagged'
activesupport (5.2.3) lib/active_support/tagged_logging.rb:28:in `tagged'
activesupport (5.2.3) lib/active_support/tagged_logging.rb:71:in `tagged'
railties (5.2.3) lib/rails/rack/logger.rb:26:in `call'
sprockets-rails (3.2.1) lib/sprockets/rails/quiet_assets.rb:11:in `block in call'
activesupport (5.2.3) lib/active_support/logger_silence.rb:21:in `silence'
activesupport (5.2.3) lib/active_support/logger.rb:65:in `block (3 levels) in broadcast'
activesupport (5.2.3) lib/active_support/logger_silence.rb:21:in `silence'
activesupport (5.2.3) lib/active_support/logger.rb:63:in `block (2 levels) in broadcast'
sprockets-rails (3.2.1) lib/sprockets/rails/quiet_assets.rb:11:in `call'
actionpack (5.2.3) lib/action_dispatch/middleware/remote_ip.rb:81:in `call'
actionpack (5.2.3) lib/action_dispatch/middleware/request_id.rb:27:in `call'
rack (2.0.7) lib/rack/method_override.rb:22:in `call'
rack (2.0.7) lib/rack/runtime.rb:22:in `call'
activesupport (5.2.3) lib/active_support/cache/strategy/local_cache_middleware.rb:29:in `call'
actionpack (5.2.3) lib/action_dispatch/middleware/executor.rb:14:in `call'
actionpack (5.2.3) lib/action_dispatch/middleware/static.rb:127:in `call'
rack (2.0.7) lib/rack/sendfile.rb:111:in `call'
railties (5.2.3) lib/rails/engine.rb:524:in `call'
puma (3.12.1) lib/puma/configuration.rb:227:in `call'
puma (3.12.1) lib/puma/server.rb:660:in `handle_request'
puma (3.12.1) lib/puma/server.rb:474:in `process_client'
puma (3.12.1) lib/puma/server.rb:334:in `block in run'
puma (3.12.1) lib/puma/thread_pool.rb:135:in `block in spawn_thread'
Started GET "/" for ::1 at 2019-11-05 15:46:22 -0800
Processing by StaticPagesController#root as HTML
  Rendering static_pages/root.html.erb within layouts/application
  Rendered static_pages/root.html.erb within layouts/application (0.7ms)
Completed 200 OK in 47ms (Views: 46.3ms | ActiveRecord: 0.0ms)


  
ActionController::RoutingError (No route matches [GET] "/assets/stylesheets/reset.css"):
  
actionpack (5.2.3) lib/action_dispatch/middleware/debug_exceptions.rb:65:in `call'
web-console (3.7.0) lib/web_console/middleware.rb:135:in `call_app'
web-console (3.7.0) lib/web_console/middleware.rb:30:in `block in call'
web-console (3.7.0) lib/web_console/middleware.rb:20:in `catch'
web-console (3.7.0) lib/web_console/middleware.rb:20:in `call'
actionpack (5.2.3) lib/action_dispatch/middleware/show_exceptions.rb:33:in `call'
railties (5.2.3) lib/rails/rack/logger.rb:38:in `call_app'
railties (5.2.3) lib/rails/rack/logger.rb:26:in `block in call'
activesupport (5.2.3) lib/active_support/tagged_logging.rb:71:in `block in tagged'
activesupport (5.2.3) lib/active_support/tagged_logging.rb:28:in `tagged'
activesupport (5.2.3) lib/active_support/tagged_logging.rb:71:in `tagged'
railties (5.2.3) lib/rails/rack/logger.rb:26:in `call'
sprockets-rails (3.2.1) lib/sprockets/rails/quiet_assets.rb:11:in `block in call'
activesupport (5.2.3) lib/active_support/logger_silence.rb:21:in `silence'
activesupport (5.2.3) lib/active_support/logger.rb:65:in `block (3 levels) in broadcast'
activesupport (5.2.3) lib/active_support/logger_silence.rb:21:in `silence'
activesupport (5.2.3) lib/active_support/logger.rb:63:in `block (2 levels) in broadcast'
sprockets-rails (3.2.1) lib/sprockets/rails/quiet_assets.rb:11:in `call'
actionpack (5.2.3) lib/action_dispatch/middleware/remote_ip.rb:81:in `call'
actionpack (5.2.3) lib/action_dispatch/middleware/request_id.rb:27:in `call'
rack (2.0.7) lib/rack/method_override.rb:22:in `call'
rack (2.0.7) lib/rack/runtime.rb:22:in `call'
activesupport (5.2.3) lib/active_support/cache/strategy/local_cache_middleware.rb:29:in `call'
actionpack (5.2.3) lib/action_dispatch/middleware/executor.rb:14:in `call'
actionpack (5.2.3) lib/action_dispatch/middleware/static.rb:127:in `call'
rack (2.0.7) lib/rack/sendfile.rb:111:in `call'
railties (5.2.3) lib/rails/engine.rb:524:in `call'
puma (3.12.1) lib/puma/configuration.rb:227:in `call'
puma (3.12.1) lib/puma/server.rb:660:in `handle_request'
puma (3.12.1) lib/puma/server.rb:474:in `process_client'
puma (3.12.1) lib/puma/server.rb:334:in `block in run'
puma (3.12.1) lib/puma/thread_pool.rb:135:in `block in spawn_thread'
  
ActionController::RoutingError (No route matches [GET] "/assets/stylesheets/login.css"):
  
actionpack (5.2.3) lib/action_dispatch/middleware/debug_exceptions.rb:65:in `call'
web-console (3.7.0) lib/web_console/middleware.rb:135:in `call_app'
web-console (3.7.0) lib/web_console/middleware.rb:30:in `block in call'
web-console (3.7.0) lib/web_console/middleware.rb:20:in `catch'
web-console (3.7.0) lib/web_console/middleware.rb:20:in `call'
actionpack (5.2.3) lib/action_dispatch/middleware/show_exceptions.rb:33:in `call'
railties (5.2.3) lib/rails/rack/logger.rb:38:in `call_app'
railties (5.2.3) lib/rails/rack/logger.rb:26:in `block in call'
activesupport (5.2.3) lib/active_support/tagged_logging.rb:71:in `block in tagged'
activesupport (5.2.3) lib/active_support/tagged_logging.rb:28:in `tagged'
activesupport (5.2.3) lib/active_support/tagged_logging.rb:71:in `tagged'
railties (5.2.3) lib/rails/rack/logger.rb:26:in `call'
sprockets-rails (3.2.1) lib/sprockets/rails/quiet_assets.rb:11:in `block in call'
activesupport (5.2.3) lib/active_support/logger_silence.rb:21:in `silence'
activesupport (5.2.3) lib/active_support/logger.rb:65:in `block (3 levels) in broadcast'
activesupport (5.2.3) lib/active_support/logger_silence.rb:21:in `silence'
activesupport (5.2.3) lib/active_support/logger.rb:63:in `block (2 levels) in broadcast'
sprockets-rails (3.2.1) lib/sprockets/rails/quiet_assets.rb:11:in `call'
actionpack (5.2.3) lib/action_dispatch/middleware/remote_ip.rb:81:in `call'
actionpack (5.2.3) lib/action_dispatch/middleware/request_id.rb:27:in `call'
rack (2.0.7) lib/rack/method_override.rb:22:in `call'
rack (2.0.7) lib/rack/runtime.rb:22:in `call'
activesupport (5.2.3) lib/active_support/cache/strategy/local_cache_middleware.rb:29:in `call'
actionpack (5.2.3) lib/action_dispatch/middleware/executor.rb:14:in `call'
actionpack (5.2.3) lib/action_dispatch/middleware/static.rb:127:in `call'
rack (2.0.7) lib/rack/sendfile.rb:111:in `call'
railties (5.2.3) lib/rails/engine.rb:524:in `call'
puma (3.12.1) lib/puma/configuration.rb:227:in `call'
puma (3.12.1) lib/puma/server.rb:660:in `handle_request'
puma (3.12.1) lib/puma/server.rb:474:in `process_client'
puma (3.12.1) lib/puma/server.rb:334:in `block in run'
puma (3.12.1) lib/puma/thread_pool.rb:135:in `block in spawn_thread'
Started GET "/" for ::1 at 2019-11-05 15:46:52 -0800
Processing by StaticPagesController#root as HTML
  Rendering static_pages/root.html.erb within layouts/application
  Rendered static_pages/root.html.erb within layouts/application (0.6ms)
Completed 200 OK in 69ms (Views: 68.8ms | ActiveRecord: 0.0ms)


Started GET "/" for ::1 at 2019-11-05 15:46:55 -0800
Processing by StaticPagesController#root as HTML
  Rendering static_pages/root.html.erb within layouts/application
  Rendered static_pages/root.html.erb within layouts/application (0.7ms)
Completed 200 OK in 46ms (Views: 45.4ms | ActiveRecord: 0.0ms)


Started GET "/" for ::1 at 2019-11-05 15:46:58 -0800
Processing by StaticPagesController#root as HTML
  Rendering static_pages/root.html.erb within layouts/application
  Rendered static_pages/root.html.erb within layouts/application (0.6ms)
Completed 200 OK in 74ms (Views: 73.4ms | ActiveRecord: 0.0ms)


Started GET "/" for ::1 at 2019-11-05 15:47:20 -0800
Processing by StaticPagesController#root as HTML
  Rendering static_pages/root.html.erb within layouts/application
  Rendered static_pages/root.html.erb within layouts/application (0.5ms)
Completed 200 OK in 75ms (Views: 74.9ms | ActiveRecord: 0.0ms)


Started GET "/" for ::1 at 2019-11-05 15:47:22 -0800
Processing by StaticPagesController#root as HTML
  Rendering static_pages/root.html.erb within layouts/application
  Rendered static_pages/root.html.erb within layouts/application (0.5ms)
Completed 200 OK in 54ms (Views: 53.7ms | ActiveRecord: 0.0ms)


Started GET "/" for ::1 at 2019-11-05 15:47:23 -0800
Processing by StaticPagesController#root as HTML
  Rendering static_pages/root.html.erb within layouts/application
  Rendered static_pages/root.html.erb within layouts/application (0.6ms)
Completed 200 OK in 56ms (Views: 55.7ms | ActiveRecord: 0.0ms)


Started GET "/" for ::1 at 2019-11-05 15:47:24 -0800
Processing by StaticPagesController#root as HTML
  Rendering static_pages/root.html.erb within layouts/application
  Rendered static_pages/root.html.erb within layouts/application (0.6ms)
Completed 200 OK in 73ms (Views: 72.8ms | ActiveRecord: 0.0ms)


Started GET "/" for ::1 at 2019-11-05 15:47:26 -0800
Processing by StaticPagesController#root as HTML
  Rendering static_pages/root.html.erb within layouts/application
  Rendered static_pages/root.html.erb within layouts/application (0.4ms)
Completed 200 OK in 52ms (Views: 51.9ms | ActiveRecord: 0.0ms)


Started GET "/" for ::1 at 2019-11-05 15:47:31 -0800
Processing by StaticPagesController#root as HTML
  Rendering static_pages/root.html.erb within layouts/application
  Rendered static_pages/root.html.erb within layouts/application (0.6ms)
Completed 200 OK in 51ms (Views: 50.5ms | ActiveRecord: 0.0ms)


Started GET "/" for ::1 at 2019-11-05 15:47:33 -0800
Processing by StaticPagesController#root as HTML
  Rendering static_pages/root.html.erb within layouts/application
  Rendered static_pages/root.html.erb within layouts/application (0.7ms)
Completed 200 OK in 66ms (Views: 65.4ms | ActiveRecord: 0.0ms)


Started GET "/" for ::1 at 2019-11-05 15:47:43 -0800
Processing by StaticPagesController#root as HTML
  Rendering static_pages/root.html.erb within layouts/application
  Rendered static_pages/root.html.erb within layouts/application (0.7ms)
Completed 200 OK in 49ms (Views: 49.2ms | ActiveRecord: 0.0ms)


Started GET "/" for ::1 at 2019-11-05 15:48:04 -0800
Processing by StaticPagesController#root as HTML
  Rendering static_pages/root.html.erb within layouts/application
  Rendered static_pages/root.html.erb within layouts/application (0.5ms)
Completed 200 OK in 41ms (Views: 40.9ms | ActiveRecord: 0.0ms)


Started GET "/" for ::1 at 2019-11-05 15:48:05 -0800
Processing by StaticPagesController#root as HTML
  Rendering static_pages/root.html.erb within layouts/application
  Rendered static_pages/root.html.erb within layouts/application (0.3ms)
Completed 200 OK in 46ms (Views: 45.8ms | ActiveRecord: 0.0ms)


Started GET "/" for ::1 at 2019-11-05 15:48:09 -0800
Processing by StaticPagesController#root as HTML
  Rendering static_pages/root.html.erb within layouts/application
  Rendered static_pages/root.html.erb within layouts/application (0.5ms)
Completed 200 OK in 44ms (Views: 44.1ms | ActiveRecord: 0.0ms)


Started GET "/" for ::1 at 2019-11-05 15:48:29 -0800
Processing by StaticPagesController#root as HTML
  Rendering static_pages/root.html.erb within layouts/application
  Rendered static_pages/root.html.erb within layouts/application (0.6ms)
Completed 200 OK in 58ms (Views: 58.2ms | ActiveRecord: 0.0ms)


Started GET "/" for ::1 at 2019-11-05 15:48:51 -0800
Processing by StaticPagesController#root as HTML
  Rendering static_pages/root.html.erb within layouts/application
  Rendered static_pages/root.html.erb within layouts/application (0.5ms)
Completed 200 OK in 80ms (Views: 80.2ms | ActiveRecord: 0.0ms)


Started GET "/" for ::1 at 2019-11-05 15:48:55 -0800
Processing by StaticPagesController#root as HTML
  Rendering static_pages/root.html.erb within layouts/application
  Rendered static_pages/root.html.erb within layouts/application (0.4ms)
Completed 200 OK in 37ms (Views: 37.0ms | ActiveRecord: 0.0ms)


Started GET "/" for ::1 at 2019-11-05 15:50:55 -0800
Processing by StaticPagesController#root as HTML
  Rendering static_pages/root.html.erb within layouts/application
  Rendered static_pages/root.html.erb within layouts/application (0.4ms)
Completed 200 OK in 497ms (Views: 496.9ms | ActiveRecord: 0.0ms)


Started GET "/" for ::1 at 2019-11-05 15:52:00 -0800
Processing by StaticPagesController#root as HTML
  Rendering static_pages/root.html.erb within layouts/application
  Rendered static_pages/root.html.erb within layouts/application (0.7ms)
Completed 200 OK in 525ms (Views: 524.4ms | ActiveRecord: 0.0ms)


Started GET "/" for ::1 at 2019-11-05 15:53:01 -0800
Processing by StaticPagesController#root as HTML
  Rendering static_pages/root.html.erb within layouts/application
  Rendered static_pages/root.html.erb within layouts/application (0.3ms)
Completed 200 OK in 472ms (Views: 472.3ms | ActiveRecord: 0.0ms)


Started GET "/" for ::1 at 2019-11-05 15:53:22 -0800
Processing by StaticPagesController#root as HTML
  Rendering static_pages/root.html.erb within layouts/application
  Rendered static_pages/root.html.erb within layouts/application (0.4ms)
Completed 200 OK in 55ms (Views: 55.1ms | ActiveRecord: 0.0ms)


Started GET "/" for ::1 at 2019-11-05 15:56:30 -0800
Processing by StaticPagesController#root as HTML
  Rendering static_pages/root.html.erb within layouts/application
  Rendered static_pages/root.html.erb within layouts/application (0.6ms)
Completed 200 OK in 664ms (Views: 664.1ms | ActiveRecord: 0.0ms)


Started GET "/" for ::1 at 2019-11-05 15:58:42 -0800
Processing by StaticPagesController#root as HTML
  Rendering static_pages/root.html.erb within layouts/application
  Rendered static_pages/root.html.erb within layouts/application (0.9ms)
Completed 200 OK in 639ms (Views: 638.4ms | ActiveRecord: 0.0ms)


Started GET "/" for ::1 at 2019-11-05 16:01:29 -0800
Processing by StaticPagesController#root as HTML
  Rendering static_pages/root.html.erb within layouts/application
  Rendered static_pages/root.html.erb within layouts/application (0.4ms)
Completed 200 OK in 512ms (Views: 512.0ms | ActiveRecord: 0.0ms)


Started GET "/" for ::1 at 2019-11-05 16:02:07 -0800
Processing by StaticPagesController#root as HTML
  Rendering static_pages/root.html.erb within layouts/application
  Rendered static_pages/root.html.erb within layouts/application (0.5ms)
Completed 200 OK in 498ms (Views: 498.2ms | ActiveRecord: 0.0ms)


Started GET "/" for ::1 at 2019-11-05 16:02:42 -0800
Processing by StaticPagesController#root as HTML
  Rendering static_pages/root.html.erb within layouts/application
  Rendered static_pages/root.html.erb within layouts/application (0.6ms)
Completed 200 OK in 460ms (Views: 459.4ms | ActiveRecord: 0.0ms)


Started GET "/" for ::1 at 2019-11-05 16:03:08 -0800
Processing by StaticPagesController#root as HTML
  Rendering static_pages/root.html.erb within layouts/application
  Rendered static_pages/root.html.erb within layouts/application (0.6ms)
Completed 200 OK in 590ms (Views: 589.4ms | ActiveRecord: 0.0ms)


Started GET "/" for ::1 at 2019-11-05 16:06:35 -0800
Processing by StaticPagesController#root as HTML
  Rendering static_pages/root.html.erb within layouts/application
  Rendered static_pages/root.html.erb within layouts/application (0.4ms)
Completed 200 OK in 451ms (Views: 450.8ms | ActiveRecord: 0.0ms)


Started GET "/" for ::1 at 2019-11-05 16:06:58 -0800
Processing by StaticPagesController#root as HTML
  Rendering static_pages/root.html.erb within layouts/application
  Rendered static_pages/root.html.erb within layouts/application (0.6ms)
Completed 200 OK in 501ms (Views: 500.6ms | ActiveRecord: 0.0ms)


Started GET "/" for ::1 at 2019-11-05 16:07:23 -0800
Processing by StaticPagesController#root as HTML
  Rendering static_pages/root.html.erb within layouts/application
  Rendered static_pages/root.html.erb within layouts/application (0.5ms)
Completed 200 OK in 474ms (Views: 473.5ms | ActiveRecord: 0.0ms)


Started GET "/" for ::1 at 2019-11-05 16:08:33 -0800
Processing by StaticPagesController#root as HTML
  Rendering static_pages/root.html.erb within layouts/application
  Rendered static_pages/root.html.erb within layouts/application (0.7ms)
Completed 200 OK in 475ms (Views: 474.8ms | ActiveRecord: 0.0ms)


Started GET "/" for ::1 at 2019-11-05 16:10:59 -0800
Processing by StaticPagesController#root as HTML
  Rendering static_pages/root.html.erb within layouts/application
  Rendered static_pages/root.html.erb within layouts/application (0.5ms)
Completed 200 OK in 494ms (Views: 493.3ms | ActiveRecord: 0.0ms)


Started GET "/" for ::1 at 2019-11-05 16:11:17 -0800
Processing by StaticPagesController#root as HTML
  Rendering static_pages/root.html.erb within layouts/application
  Rendered static_pages/root.html.erb within layouts/application (0.5ms)
Completed 200 OK in 681ms (Views: 680.4ms | ActiveRecord: 0.0ms)


Started GET "/" for ::1 at 2019-11-05 16:11:56 -0800
Processing by StaticPagesController#root as HTML
  Rendering static_pages/root.html.erb within layouts/application
  Rendered static_pages/root.html.erb within layouts/application (0.6ms)
Completed 200 OK in 329ms (Views: 328.8ms | ActiveRecord: 0.0ms)


Started GET "/" for ::1 at 2019-11-05 16:12:01 -0800
Processing by StaticPagesController#root as HTML
  Rendering static_pages/root.html.erb within layouts/application
  Rendered static_pages/root.html.erb within layouts/application (0.3ms)
Completed 200 OK in 463ms (Views: 462.6ms | ActiveRecord: 0.0ms)


Started GET "/" for ::1 at 2019-11-05 16:12:31 -0800
Processing by StaticPagesController#root as HTML
  Rendering static_pages/root.html.erb within layouts/application
  Rendered static_pages/root.html.erb within layouts/application (0.6ms)
Completed 200 OK in 495ms (Views: 495.1ms | ActiveRecord: 0.0ms)


Started GET "/" for ::1 at 2019-11-05 16:12:35 -0800
Processing by StaticPagesController#root as HTML
  Rendering static_pages/root.html.erb within layouts/application
  Rendered static_pages/root.html.erb within layouts/application (0.4ms)
Completed 200 OK in 466ms (Views: 466.1ms | ActiveRecord: 0.0ms)


Started GET "/" for ::1 at 2019-11-05 16:12:51 -0800
Processing by StaticPagesController#root as HTML
  Rendering static_pages/root.html.erb within layouts/application
  Rendered static_pages/root.html.erb within layouts/application (0.5ms)
Completed 200 OK in 60ms (Views: 59.3ms | ActiveRecord: 0.0ms)


Started GET "/" for ::1 at 2019-11-05 16:13:18 -0800
Processing by StaticPagesController#root as HTML
  Rendering static_pages/root.html.erb within layouts/application
  Rendered static_pages/root.html.erb within layouts/application (0.5ms)
Completed 200 OK in 55ms (Views: 54.8ms | ActiveRecord: 0.0ms)


Started GET "/" for ::1 at 2019-11-05 16:13:21 -0800
Processing by StaticPagesController#root as HTML
  Rendering static_pages/root.html.erb within layouts/application
  Rendered static_pages/root.html.erb within layouts/application (0.6ms)
Completed 200 OK in 61ms (Views: 60.4ms | ActiveRecord: 0.0ms)


Started GET "/" for ::1 at 2019-11-05 16:13:45 -0800
Processing by StaticPagesController#root as HTML
  Rendering static_pages/root.html.erb within layouts/application
  Rendered static_pages/root.html.erb within layouts/application (0.8ms)
Completed 200 OK in 564ms (Views: 563.9ms | ActiveRecord: 0.0ms)


Started GET "/" for ::1 at 2019-11-05 16:13:48 -0800
Processing by StaticPagesController#root as HTML
  Rendering static_pages/root.html.erb within layouts/application
  Rendered static_pages/root.html.erb within layouts/application (0.5ms)
Completed 200 OK in 471ms (Views: 471.2ms | ActiveRecord: 0.0ms)


Started GET "/" for ::1 at 2019-11-05 16:15:26 -0800
Processing by StaticPagesController#root as HTML
  Rendering static_pages/root.html.erb within layouts/application
  Rendered static_pages/root.html.erb within layouts/application (0.5ms)
Completed 200 OK in 461ms (Views: 461.0ms | ActiveRecord: 0.0ms)


Started GET "/" for ::1 at 2019-11-05 16:15:46 -0800
Processing by StaticPagesController#root as HTML
  Rendering static_pages/root.html.erb within layouts/application
  Rendered static_pages/root.html.erb within layouts/application (0.4ms)
Completed 200 OK in 68ms (Views: 67.6ms | ActiveRecord: 0.0ms)


Started GET "/" for ::1 at 2019-11-05 16:15:48 -0800
Processing by StaticPagesController#root as HTML
  Rendering static_pages/root.html.erb within layouts/application
  Rendered static_pages/root.html.erb within layouts/application (0.6ms)
Completed 200 OK in 501ms (Views: 500.3ms | ActiveRecord: 0.0ms)


Started GET "/" for ::1 at 2019-11-05 16:16:26 -0800
Processing by StaticPagesController#root as HTML
  Rendering static_pages/root.html.erb within layouts/application
  Rendered static_pages/root.html.erb within layouts/application (0.5ms)
Completed 200 OK in 500ms (Views: 499.8ms | ActiveRecord: 0.0ms)


Started GET "/" for ::1 at 2019-11-05 16:16:44 -0800
Processing by StaticPagesController#root as HTML
  Rendering static_pages/root.html.erb within layouts/application
  Rendered static_pages/root.html.erb within layouts/application (0.7ms)
Completed 200 OK in 643ms (Views: 642.9ms | ActiveRecord: 0.0ms)


Started GET "/" for ::1 at 2019-11-05 16:17:01 -0800
Processing by StaticPagesController#root as HTML
  Rendering static_pages/root.html.erb within layouts/application
  Rendered static_pages/root.html.erb within layouts/application (0.5ms)
Completed 200 OK in 284ms (Views: 284.0ms | ActiveRecord: 0.0ms)


Started GET "/" for ::1 at 2019-11-05 16:17:19 -0800
Processing by StaticPagesController#root as HTML
  Rendering static_pages/root.html.erb within layouts/application
  Rendered static_pages/root.html.erb within layouts/application (0.6ms)
Completed 200 OK in 586ms (Views: 586.1ms | ActiveRecord: 0.0ms)


Started GET "/" for ::1 at 2019-11-05 16:21:17 -0800
Processing by StaticPagesController#root as HTML
  Rendering static_pages/root.html.erb within layouts/application
  Rendered static_pages/root.html.erb within layouts/application (0.6ms)
Completed 200 OK in 472ms (Views: 471.7ms | ActiveRecord: 0.0ms)


Started GET "/" for ::1 at 2019-11-05 16:21:44 -0800
Processing by StaticPagesController#root as HTML
  Rendering static_pages/root.html.erb within layouts/application
  Rendered static_pages/root.html.erb within layouts/application (0.7ms)
Completed 200 OK in 48ms (Views: 47.8ms | ActiveRecord: 0.0ms)


Started GET "/" for ::1 at 2019-11-05 16:21:48 -0800
Processing by StaticPagesController#root as HTML
  Rendering static_pages/root.html.erb within layouts/application
  Rendered static_pages/root.html.erb within layouts/application (0.3ms)
Completed 200 OK in 470ms (Views: 469.4ms | ActiveRecord: 0.0ms)


Started GET "/" for ::1 at 2019-11-05 16:23:57 -0800
Processing by StaticPagesController#root as HTML
  Rendering static_pages/root.html.erb within layouts/application
  Rendered static_pages/root.html.erb within layouts/application (0.4ms)
Completed 200 OK in 471ms (Views: 471.1ms | ActiveRecord: 0.0ms)


Started GET "/" for ::1 at 2019-11-05 16:24:19 -0800
Processing by StaticPagesController#root as HTML
  Rendering static_pages/root.html.erb within layouts/application
  Rendered static_pages/root.html.erb within layouts/application (0.5ms)
Completed 200 OK in 488ms (Views: 487.7ms | ActiveRecord: 0.0ms)


Started GET "/" for ::1 at 2019-11-05 16:25:06 -0800
Processing by StaticPagesController#root as HTML
  Rendering static_pages/root.html.erb within layouts/application
  Rendered static_pages/root.html.erb within layouts/application (0.5ms)
Completed 200 OK in 479ms (Views: 478.7ms | ActiveRecord: 0.0ms)


Started GET "/" for ::1 at 2019-11-05 16:39:09 -0800
Processing by StaticPagesController#root as HTML
  Rendering static_pages/root.html.erb within layouts/application
  Rendered static_pages/root.html.erb within layouts/application (0.5ms)
Completed 200 OK in 455ms (Views: 454.5ms | ActiveRecord: 0.0ms)


Started GET "/" for ::1 at 2019-11-05 16:39:43 -0800
Processing by StaticPagesController#root as HTML
  Rendering static_pages/root.html.erb within layouts/application
  Rendered static_pages/root.html.erb within layouts/application (0.5ms)
Completed 200 OK in 483ms (Views: 482.2ms | ActiveRecord: 0.0ms)


Started GET "/" for ::1 at 2019-11-05 16:39:52 -0800
Processing by StaticPagesController#root as HTML
  Rendering static_pages/root.html.erb within layouts/application
  Rendered static_pages/root.html.erb within layouts/application (0.6ms)
Completed 200 OK in 42ms (Views: 41.5ms | ActiveRecord: 0.0ms)


Started GET "/" for ::1 at 2019-11-05 16:40:25 -0800
Processing by StaticPagesController#root as HTML
  Rendering static_pages/root.html.erb within layouts/application
  Rendered static_pages/root.html.erb within layouts/application (0.5ms)
Completed 200 OK in 43ms (Views: 42.3ms | ActiveRecord: 0.0ms)


Started GET "/" for ::1 at 2019-11-05 16:40:29 -0800
Processing by StaticPagesController#root as HTML
  Rendering static_pages/root.html.erb within layouts/application
  Rendered static_pages/root.html.erb within layouts/application (0.5ms)
Completed 200 OK in 474ms (Views: 473.3ms | ActiveRecord: 0.0ms)


Started POST "/api/session" for ::1 at 2019-11-05 16:40:31 -0800

AbstractController::ActionNotFound - The action 'create' could not be found for Api::SessionsController:

Started GET "/" for ::1 at 2019-11-05 17:00:54 -0800
Processing by StaticPagesController#root as HTML
  Rendering static_pages/root.html.erb within layouts/application
  Rendered static_pages/root.html.erb within layouts/application (0.4ms)
Completed 200 OK in 480ms (Views: 479.6ms | ActiveRecord: 0.0ms)


Started POST "/api/session" for ::1 at 2019-11-05 17:01:01 -0800

SyntaxError - syntax error, unexpected tIDENTIFIER, expecting ')'
      params[:user][:password]
      ^~~~~~
/Users/appacademy/Downloads/Racket/app/controllers/api/sessions_controller.rb:7: syntax error, unexpected ')', expecting keyword_end
    )
    ^
/Users/appacademy/Downloads/Racket/app/controllers/api/sessions_controller.rb:15: syntax error, unexpected end-of-input, expecting keyword_end:
  app/controllers/api/sessions_controller.rb:6:in `'

Started GET "/" for ::1 at 2019-11-05 17:01:23 -0800
Processing by StaticPagesController#root as HTML
  Rendering static_pages/root.html.erb within layouts/application
  Rendered static_pages/root.html.erb within layouts/application (0.5ms)
Completed 200 OK in 67ms (Views: 66.2ms | ActiveRecord: 0.0ms)


Started POST "/api/session" for ::1 at 2019-11-05 17:01:26 -0800

SyntaxError - syntax error, unexpected end-of-input, expecting keyword_end:
  app/controllers/api/sessions_controller.rb:15:in `'

Started GET "/" for ::1 at 2019-11-05 17:01:41 -0800
Processing by StaticPagesController#root as HTML
  Rendering static_pages/root.html.erb within layouts/application
  Rendered static_pages/root.html.erb within layouts/application (0.5ms)
Completed 200 OK in 55ms (Views: 54.3ms | ActiveRecord: 0.0ms)


Started POST "/api/session" for ::1 at 2019-11-05 17:01:45 -0800
Processing by Api::SessionsController#create as JSON
Started POST "/api/session" for ::1 at 2019-11-05 17:03:44 -0800
Processing by Api::SessionsController#create as JSON
Completed 500 Internal Server Error in 120188ms (ActiveRecord: 0.0ms)



NoMethodError - undefined method `[]' for nil:NilClass:
  app/controllers/api/sessions_controller.rb:5:in `create'

Completed 500 Internal Server Error in 1415ms (ActiveRecord: 0.0ms)



NoMethodError - undefined method `[]' for nil:NilClass:
  app/controllers/api/sessions_controller.rb:5:in `create'

Started GET "/" for ::1 at 2019-11-05 17:03:53 -0800
Processing by StaticPagesController#root as HTML
  Rendering static_pages/root.html.erb within layouts/application
  Rendered static_pages/root.html.erb within layouts/application (2.1ms)
Completed 200 OK in 671ms (Views: 670.6ms | ActiveRecord: 0.0ms)


Started POST "/api/session" for ::1 at 2019-11-05 17:04:13 -0800
Processing by Api::SessionsController#create as JSON
Completed 500 Internal Server Error in 51253ms (ActiveRecord: 0.0ms)



NoMethodError - undefined method `[]' for nil:NilClass:
  app/controllers/api/sessions_controller.rb:5:in `create'

Started POST "/api/session" for ::1 at 2019-11-05 17:08:39 -0800
Processing by Api::SessionsController#create as JSON
Completed 500 Internal Server Error in 28155ms (ActiveRecord: 0.0ms)



NoMethodError - undefined method `[]' for nil:NilClass:
  app/controllers/api/sessions_controller.rb:5:in `create'

Started GET "/" for ::1 at 2019-11-05 17:09:45 -0800
Processing by StaticPagesController#root as HTML
  Rendering static_pages/root.html.erb within layouts/application
  Rendered static_pages/root.html.erb within layouts/application (0.6ms)
Completed 200 OK in 473ms (Views: 472.2ms | ActiveRecord: 0.0ms)


Started POST "/api/session" for ::1 at 2019-11-05 17:09:52 -0800
Processing by Api::SessionsController#create as JSON
  Parameters: {"user"=>{"email"=>"wolf", "password"=>"[FILTERED]"}}
  [1m[36mUser Load (19.4ms)[0m  [1m[34mSELECT  "users".* FROM "users" WHERE "users"."username" = $1 LIMIT $2[0m  [["username", "wolf"], ["LIMIT", 1]]
  ↳ app/models/user.rb:11
Completed 404 Not Found in 19442ms (Views: 0.3ms | ActiveRecord: 27.7ms)


Started GET "/" for ::1 at 2019-11-05 18:07:42 -0800
Processing by StaticPagesController#root as HTML
  Rendering static_pages/root.html.erb within layouts/application
  Rendered static_pages/root.html.erb within layouts/application (0.6ms)
Completed 200 OK in 488ms (Views: 487.7ms | ActiveRecord: 0.0ms)


Started POST "/api/session" for ::1 at 2019-11-05 18:17:07 -0800
Processing by Api::SessionsController#create as JSON
  Parameters: {"user"=>{"email"=>"Wolf", "password"=>"[FILTERED]"}}
  [1m[36mUser Load (1.0ms)[0m  [1m[34mSELECT  "users".* FROM "users" WHERE "users"."username" = $1 LIMIT $2[0m  [["username", "Wolf"], ["LIMIT", 1]]
  ↳ app/models/user.rb:11
Completed 404 Not Found in 15ms (Views: 0.2ms | ActiveRecord: 7.0ms)


Started GET "/" for ::1 at 2019-11-05 18:20:26 -0800
Processing by StaticPagesController#root as HTML
  Rendering static_pages/root.html.erb within layouts/application
  Rendered static_pages/root.html.erb within layouts/application (0.6ms)
Completed 200 OK in 499ms (Views: 498.8ms | ActiveRecord: 0.0ms)


Started GET "/" for ::1 at 2019-11-05 18:21:22 -0800
Processing by StaticPagesController#root as HTML
  Rendering static_pages/root.html.erb within layouts/application
  Rendered static_pages/root.html.erb within layouts/application (0.6ms)
Completed 200 OK in 556ms (Views: 555.4ms | ActiveRecord: 0.0ms)


Started GET "/" for ::1 at 2019-11-05 18:25:47 -0800
Processing by StaticPagesController#root as HTML
  Rendering static_pages/root.html.erb within layouts/application
  Rendered static_pages/root.html.erb within layouts/application (0.8ms)
Completed 200 OK in 592ms (Views: 592.1ms | ActiveRecord: 0.0ms)


Started POST "/api/session" for ::1 at 2019-11-05 18:25:52 -0800
Processing by Api::SessionsController#create as JSON
  Parameters: {"user"=>{"email"=>"arhah", "password"=>"[FILTERED]"}}
  [1m[36mUser Load (0.9ms)[0m  [1m[34mSELECT  "users".* FROM "users" WHERE "users"."username" = $1 LIMIT $2[0m  [["username", "arhah"], ["LIMIT", 1]]
  ↳ app/models/user.rb:11
Completed 404 Not Found in 4ms (Views: 0.2ms | ActiveRecord: 1.2ms)


Started GET "/" for ::1 at 2019-11-05 18:26:13 -0800
Processing by StaticPagesController#root as HTML
  Rendering static_pages/root.html.erb within layouts/application
  Rendered static_pages/root.html.erb within layouts/application (0.5ms)
Completed 200 OK in 582ms (Views: 581.4ms | ActiveRecord: 0.0ms)


Started GET "/" for ::1 at 2019-11-05 18:27:34 -0800
Processing by StaticPagesController#root as HTML
  Rendering static_pages/root.html.erb within layouts/application
  Rendered static_pages/root.html.erb within layouts/application (0.5ms)
Completed 200 OK in 839ms (Views: 839.1ms | ActiveRecord: 0.0ms)


Started GET "/" for ::1 at 2019-11-05 18:27:54 -0800
Processing by StaticPagesController#root as HTML
  Rendering static_pages/root.html.erb within layouts/application
  Rendered static_pages/root.html.erb within layouts/application (0.5ms)
Completed 200 OK in 683ms (Views: 682.4ms | ActiveRecord: 0.0ms)


Started GET "/" for ::1 at 2019-11-05 18:28:00 -0800
Processing by StaticPagesController#root as HTML
  Rendering static_pages/root.html.erb within layouts/application
  Rendered static_pages/root.html.erb within layouts/application (0.5ms)
Completed 200 OK in 556ms (Views: 556.1ms | ActiveRecord: 0.0ms)


Started POST "/api/session" for ::1 at 2019-11-05 18:28:30 -0800
Processing by Api::SessionsController#create as JSON
  Parameters: {"user"=>{"email"=>"wolf", "password"=>"[FILTERED]"}}
  [1m[36mUser Load (0.5ms)[0m  [1m[34mSELECT  "users".* FROM "users" WHERE "users"."username" = $1 LIMIT $2[0m  [["username", "wolf"], ["LIMIT", 1]]
  ↳ app/models/user.rb:11
Completed 404 Not Found in 2ms (Views: 0.1ms | ActiveRecord: 0.5ms)


Started GET "/" for ::1 at 2019-11-05 18:33:26 -0800
Processing by StaticPagesController#root as HTML
  Rendering static_pages/root.html.erb within layouts/application
  Rendered static_pages/root.html.erb within layouts/application (0.8ms)
Completed 200 OK in 503ms (Views: 502.3ms | ActiveRecord: 0.0ms)


Started POST "/api/session" for ::1 at 2019-11-05 18:39:31 -0800
Processing by Api::SessionsController#create as JSON
  Parameters: {"user"=>{"email"=>"wolf", "username"=>"wolf", "password"=>"[FILTERED]"}}
  [1m[36mUser Load (1.2ms)[0m  [1m[34mSELECT  "users".* FROM "users" WHERE "users"."username" = $1 LIMIT $2[0m  [["username", "wolf"], ["LIMIT", 1]]
  ↳ app/models/user.rb:11
Completed 404 Not Found in 4ms (Views: 0.2ms | ActiveRecord: 1.4ms)


  [1m[36mUser Load (1.0ms)[0m  [1m[34mSELECT "users".* FROM "users"[0m
Started GET "/" for ::1 at 2019-11-05 18:49:05 -0800
Processing by StaticPagesController#root as HTML
  Rendering static_pages/root.html.erb within layouts/application
  Rendered static_pages/root.html.erb within layouts/application (0.5ms)
Completed 200 OK in 489ms (Views: 488.2ms | ActiveRecord: 0.0ms)


Started POST "/api/users" for ::1 at 2019-11-05 18:49:13 -0800
Processing by Api::UsersController#create as JSON
  Parameters: {"user"=>{"email"=>"wolf", "username"=>"wolf", "password"=>"[FILTERED]"}}
  [1m[35m (0.2ms)[0m  [1m[35mBEGIN[0m
  ↳ app/controllers/api/users_controller.rb:5
  [1m[36mUser Exists (1.7ms)[0m  [1m[34mSELECT  1 AS one FROM "users" WHERE "users"."username" = $1 LIMIT $2[0m  [["username", "wolf"], ["LIMIT", 1]]
  ↳ app/controllers/api/users_controller.rb:5
  [1m[36mUser Exists (0.5ms)[0m  [1m[34mSELECT  1 AS one FROM "users" WHERE "users"."email" = $1 LIMIT $2[0m  [["email", "wolf"], ["LIMIT", 1]]
  ↳ app/controllers/api/users_controller.rb:5
  [1m[36mUser Exists (0.4ms)[0m  [1m[34mSELECT  1 AS one FROM "users" WHERE "users"."session_token" = $1 LIMIT $2[0m  [["session_token", "-Ec8RiV6iT-MJbxwrswTdw"], ["LIMIT", 1]]
  ↳ app/controllers/api/users_controller.rb:5
  [1m[36mUser Create (3.5ms)[0m  [1m[32mINSERT INTO "users" ("username", "email", "password_digest", "session_token", "created_at", "updated_at") VALUES ($1, $2, $3, $4, $5, $6) RETURNING "id"[0m  [["username", "wolf"], ["email", "wolf"], ["password_digest", "$2a$12$ab1Pfuv4evglTJBDXJI6eeWbjhJCm7dqT0rAnqBgQW9KiOnyTc/l2"], ["session_token", "-Ec8RiV6iT-MJbxwrswTdw"], ["created_at", "2019-11-06 02:49:13.400641"], ["updated_at", "2019-11-06 02:49:13.400641"]]
  ↳ app/controllers/api/users_controller.rb:5
  [1m[35m (0.5ms)[0m  [1m[35mCOMMIT[0m
  ↳ app/controllers/api/users_controller.rb:5
  [1m[35m (0.3ms)[0m  [1m[35mBEGIN[0m
  ↳ app/models/user.rb:26
  [1m[36mUser Exists (1.0ms)[0m  [1m[34mSELECT  1 AS one FROM "users" WHERE "users"."username" = $1 AND "users"."id" != $2 LIMIT $3[0m  [["username", "wolf"], ["id", 1], ["LIMIT", 1]]
  ↳ app/models/user.rb:26
  [1m[36mUser Exists (0.8ms)[0m  [1m[34mSELECT  1 AS one FROM "users" WHERE "users"."email" = $1 AND "users"."id" != $2 LIMIT $3[0m  [["email", "wolf"], ["id", 1], ["LIMIT", 1]]
  ↳ app/models/user.rb:26
  [1m[36mUser Exists (0.7ms)[0m  [1m[34mSELECT  1 AS one FROM "users" WHERE "users"."session_token" = $1 AND "users"."id" != $2 LIMIT $3[0m  [["session_token", "9ZNdJKhfyIIDOLRGchYphw"], ["id", 1], ["LIMIT", 1]]
  ↳ app/models/user.rb:26
  [1m[36mUser Update (2.1ms)[0m  [1m[33mUPDATE "users" SET "session_token" = $1, "updated_at" = $2 WHERE "users"."id" = $3[0m  [["session_token", "9ZNdJKhfyIIDOLRGchYphw"], ["updated_at", "2019-11-06 02:49:13.418524"], ["id", 1]]
  ↳ app/models/user.rb:26
  [1m[35m (0.3ms)[0m  [1m[35mCOMMIT[0m
  ↳ app/models/user.rb:26
  [1m[35m (0.8ms)[0m  [1m[35mBEGIN[0m
  ↳ app/models/user.rb:26
  [1m[36mUser Exists (0.8ms)[0m  [1m[34mSELECT  1 AS one FROM "users" WHERE "users"."username" = $1 AND "users"."id" != $2 LIMIT $3[0m  [["username", "wolf"], ["id", 1], ["LIMIT", 1]]
  ↳ app/models/user.rb:26
  [1m[36mUser Exists (0.9ms)[0m  [1m[34mSELECT  1 AS one FROM "users" WHERE "users"."email" = $1 AND "users"."id" != $2 LIMIT $3[0m  [["email", "wolf"], ["id", 1], ["LIMIT", 1]]
  ↳ app/models/user.rb:26
  [1m[36mUser Exists (0.6ms)[0m  [1m[34mSELECT  1 AS one FROM "users" WHERE "users"."session_token" = $1 AND "users"."id" != $2 LIMIT $3[0m  [["session_token", "hVZ9XPgCtOhj9Vw6yfjxkg"], ["id", 1], ["LIMIT", 1]]
  ↳ app/models/user.rb:26
  [1m[36mUser Update (0.6ms)[0m  [1m[33mUPDATE "users" SET "session_token" = $1, "updated_at" = $2 WHERE "users"."id" = $3[0m  [["session_token", "hVZ9XPgCtOhj9Vw6yfjxkg"], ["updated_at", "2019-11-06 02:49:13.442952"], ["id", 1]]
  ↳ app/models/user.rb:26
  [1m[35m (0.4ms)[0m  [1m[35mCOMMIT[0m
  ↳ app/models/user.rb:26
Completed 200 OK in 379ms (Views: 1.5ms | ActiveRecord: 31.5ms)


  [1m[36mUser Load (3.9ms)[0m  [1m[34mSELECT "users".* FROM "users"[0m
Started GET "/" for ::1 at 2019-11-05 18:52:49 -0800
Processing by StaticPagesController#root as HTML
  Rendering static_pages/root.html.erb within layouts/application
  Rendered static_pages/root.html.erb within layouts/application (0.5ms)
Completed 200 OK in 498ms (Views: 496.7ms | ActiveRecord: 0.0ms)


Started POST "/api/session" for ::1 at 2019-11-05 18:52:56 -0800
Processing by Api::SessionsController#create as JSON
  Parameters: {"user"=>{"email"=>"wolf", "username"=>"", "password"=>"[FILTERED]"}}
  [1m[36mUser Load (1.5ms)[0m  [1m[34mSELECT  "users".* FROM "users" WHERE "users"."username" = $1 LIMIT $2[0m  [["username", "wolf"], ["LIMIT", 1]]
  ↳ app/models/user.rb:11
  [1m[35m (0.2ms)[0m  [1m[35mBEGIN[0m
  ↳ app/models/user.rb:26
  [1m[36mUser Exists (0.9ms)[0m  [1m[34mSELECT  1 AS one FROM "users" WHERE "users"."username" = $1 AND "users"."id" != $2 LIMIT $3[0m  [["username", "wolf"], ["id", 1], ["LIMIT", 1]]
  ↳ app/models/user.rb:26
  [1m[36mUser Exists (0.9ms)[0m  [1m[34mSELECT  1 AS one FROM "users" WHERE "users"."email" = $1 AND "users"."id" != $2 LIMIT $3[0m  [["email", "wolf"], ["id", 1], ["LIMIT", 1]]
  ↳ app/models/user.rb:26
  [1m[36mUser Exists (0.6ms)[0m  [1m[34mSELECT  1 AS one FROM "users" WHERE "users"."session_token" = $1 AND "users"."id" != $2 LIMIT $3[0m  [["session_token", "xUzb85zU1nx_S5BEOt_4PA"], ["id", 1], ["LIMIT", 1]]
  ↳ app/models/user.rb:26
  [1m[36mUser Update (0.8ms)[0m  [1m[33mUPDATE "users" SET "session_token" = $1, "updated_at" = $2 WHERE "users"."id" = $3[0m  [["session_token", "xUzb85zU1nx_S5BEOt_4PA"], ["updated_at", "2019-11-06 02:52:56.588179"], ["id", 1]]
  ↳ app/models/user.rb:26
  [1m[35m (2.0ms)[0m  [1m[35mCOMMIT[0m
  ↳ app/models/user.rb:26
  [1m[35m (0.1ms)[0m  [1m[35mBEGIN[0m
  ↳ app/models/user.rb:26
  [1m[36mUser Exists (0.7ms)[0m  [1m[34mSELECT  1 AS one FROM "users" WHERE "users"."username" = $1 AND "users"."id" != $2 LIMIT $3[0m  [["username", "wolf"], ["id", 1], ["LIMIT", 1]]
  ↳ app/models/user.rb:26
  [1m[36mUser Exists (0.8ms)[0m  [1m[34mSELECT  1 AS one FROM "users" WHERE "users"."email" = $1 AND "users"."id" != $2 LIMIT $3[0m  [["email", "wolf"], ["id", 1], ["LIMIT", 1]]
  ↳ app/models/user.rb:26
  [1m[36mUser Exists (0.7ms)[0m  [1m[34mSELECT  1 AS one FROM "users" WHERE "users"."session_token" = $1 AND "users"."id" != $2 LIMIT $3[0m  [["session_token", "BOMnO8euWYUwi0FlSq5Quw"], ["id", 1], ["LIMIT", 1]]
  ↳ app/models/user.rb:26
  [1m[36mUser Update (0.8ms)[0m  [1m[33mUPDATE "users" SET "session_token" = $1, "updated_at" = $2 WHERE "users"."id" = $3[0m  [["session_token", "BOMnO8euWYUwi0FlSq5Quw"], ["updated_at", "2019-11-06 02:52:56.601427"], ["id", 1]]
  ↳ app/models/user.rb:26
  [1m[35m (0.3ms)[0m  [1m[35mCOMMIT[0m
  ↳ app/models/user.rb:26
Completed 200 OK in 331ms (Views: 0.5ms | ActiveRecord: 10.6ms)


Started POST "/api/users" for ::1 at 2019-11-05 18:53:19 -0800
Processing by Api::UsersController#create as JSON
  Parameters: {"user"=>{"email"=>"a", "username"=>"a", "password"=>"[FILTERED]"}}
  [1m[35m (0.2ms)[0m  [1m[35mBEGIN[0m
  ↳ app/controllers/api/users_controller.rb:5
  [1m[36mUser Exists (0.6ms)[0m  [1m[34mSELECT  1 AS one FROM "users" WHERE "users"."username" = $1 LIMIT $2[0m  [["username", "a"], ["LIMIT", 1]]
  ↳ app/controllers/api/users_controller.rb:5
  [1m[36mUser Exists (0.6ms)[0m  [1m[34mSELECT  1 AS one FROM "users" WHERE "users"."email" = $1 LIMIT $2[0m  [["email", "a"], ["LIMIT", 1]]
  ↳ app/controllers/api/users_controller.rb:5
  [1m[36mUser Exists (0.4ms)[0m  [1m[34mSELECT  1 AS one FROM "users" WHERE "users"."session_token" = $1 LIMIT $2[0m  [["session_token", "5JsYKEua6VJy-DHl5_geJg"], ["LIMIT", 1]]
  ↳ app/controllers/api/users_controller.rb:5
  [1m[36mUser Create (0.7ms)[0m  [1m[32mINSERT INTO "users" ("username", "email", "password_digest", "session_token", "created_at", "updated_at") VALUES ($1, $2, $3, $4, $5, $6) RETURNING "id"[0m  [["username", "a"], ["email", "a"], ["password_digest", "$2a$12$yNYOFq5qoj0cctgiX5P5Euvt2Q70oxzgGrfa8WYijqdRjKsNaBouC"], ["session_token", "5JsYKEua6VJy-DHl5_geJg"], ["created_at", "2019-11-06 02:53:20.144985"], ["updated_at", "2019-11-06 02:53:20.144985"]]
  ↳ app/controllers/api/users_controller.rb:5
  [1m[35m (2.0ms)[0m  [1m[35mCOMMIT[0m
  ↳ app/controllers/api/users_controller.rb:5
  [1m[35m (0.7ms)[0m  [1m[35mBEGIN[0m
  ↳ app/models/user.rb:26
  [1m[36mUser Exists (0.7ms)[0m  [1m[34mSELECT  1 AS one FROM "users" WHERE "users"."username" = $1 AND "users"."id" != $2 LIMIT $3[0m  [["username", "a"], ["id", 2], ["LIMIT", 1]]
  ↳ app/models/user.rb:26
  [1m[36mUser Exists (0.7ms)[0m  [1m[34mSELECT  1 AS one FROM "users" WHERE "users"."email" = $1 AND "users"."id" != $2 LIMIT $3[0m  [["email", "a"], ["id", 2], ["LIMIT", 1]]
  ↳ app/models/user.rb:26
  [1m[36mUser Exists (0.6ms)[0m  [1m[34mSELECT  1 AS one FROM "users" WHERE "users"."session_token" = $1 AND "users"."id" != $2 LIMIT $3[0m  [["session_token", "NYv_XipEozfVl3BayeRSHQ"], ["id", 2], ["LIMIT", 1]]
  ↳ app/models/user.rb:26
  [1m[36mUser Update (0.5ms)[0m  [1m[33mUPDATE "users" SET "session_token" = $1, "updated_at" = $2 WHERE "users"."id" = $3[0m  [["session_token", "NYv_XipEozfVl3BayeRSHQ"], ["updated_at", "2019-11-06 02:53:20.159731"], ["id", 2]]
  ↳ app/models/user.rb:26
  [1m[35m (0.4ms)[0m  [1m[35mCOMMIT[0m
  ↳ app/models/user.rb:26
  [1m[35m (0.7ms)[0m  [1m[35mBEGIN[0m
  ↳ app/models/user.rb:26
  [1m[36mUser Exists (0.9ms)[0m  [1m[34mSELECT  1 AS one FROM "users" WHERE "users"."username" = $1 AND "users"."id" != $2 LIMIT $3[0m  [["username", "a"], ["id", 2], ["LIMIT", 1]]
  ↳ app/models/user.rb:26
  [1m[36mUser Exists (0.8ms)[0m  [1m[34mSELECT  1 AS one FROM "users" WHERE "users"."email" = $1 AND "users"."id" != $2 LIMIT $3[0m  [["email", "a"], ["id", 2], ["LIMIT", 1]]
  ↳ app/models/user.rb:26
  [1m[36mUser Exists (0.7ms)[0m  [1m[34mSELECT  1 AS one FROM "users" WHERE "users"."session_token" = $1 AND "users"."id" != $2 LIMIT $3[0m  [["session_token", "3N_P1v4mSb923lKxGRHRTg"], ["id", 2], ["LIMIT", 1]]
  ↳ app/models/user.rb:26
  [1m[36mUser Update (0.6ms)[0m  [1m[33mUPDATE "users" SET "session_token" = $1, "updated_at" = $2 WHERE "users"."id" = $3[0m  [["session_token", "3N_P1v4mSb923lKxGRHRTg"], ["updated_at", "2019-11-06 02:53:20.176657"], ["id", 2]]
  ↳ app/models/user.rb:26
  [1m[35m (0.4ms)[0m  [1m[35mCOMMIT[0m
  ↳ app/models/user.rb:26
Completed 200 OK in 355ms (Views: 0.5ms | ActiveRecord: 12.2ms)


Started GET "/" for ::1 at 2019-11-05 18:53:48 -0800
Processing by StaticPagesController#root as HTML
  Rendering static_pages/root.html.erb within layouts/application
  Rendered static_pages/root.html.erb within layouts/application (0.7ms)
Completed 200 OK in 58ms (Views: 57.8ms | ActiveRecord: 0.0ms)


Started POST "/api/users" for ::1 at 2019-11-05 18:54:06 -0800
Processing by Api::UsersController#create as JSON
  Parameters: {"user"=>{"email"=>"b", "username"=>"a", "password"=>"[FILTERED]"}}
  [1m[35m (0.3ms)[0m  [1m[35mBEGIN[0m
  ↳ app/controllers/api/users_controller.rb:5
  [1m[36mUser Exists (2.4ms)[0m  [1m[34mSELECT  1 AS one FROM "users" WHERE "users"."username" = $1 LIMIT $2[0m  [["username", "a"], ["LIMIT", 1]]
  ↳ app/controllers/api/users_controller.rb:5
  [1m[36mUser Exists (0.6ms)[0m  [1m[34mSELECT  1 AS one FROM "users" WHERE "users"."email" = $1 LIMIT $2[0m  [["email", "b"], ["LIMIT", 1]]
  ↳ app/controllers/api/users_controller.rb:5
  [1m[36mUser Exists (0.6ms)[0m  [1m[34mSELECT  1 AS one FROM "users" WHERE "users"."session_token" = $1 LIMIT $2[0m  [["session_token", "MK-V6GSwXtpVe7hk-kBELg"], ["LIMIT", 1]]
  ↳ app/controllers/api/users_controller.rb:5
  [1m[35m (0.3ms)[0m  [1m[31mROLLBACK[0m
  ↳ app/controllers/api/users_controller.rb:5
Completed 404 Not Found in 317ms (Views: 0.3ms | ActiveRecord: 4.2ms)


Started POST "/api/users" for ::1 at 2019-11-05 18:54:16 -0800
Processing by Api::UsersController#create as JSON
  Parameters: {"user"=>{"email"=>"b", "username"=>"aa", "password"=>"[FILTERED]"}}
  [1m[35m (0.3ms)[0m  [1m[35mBEGIN[0m
  ↳ app/controllers/api/users_controller.rb:5
  [1m[36mUser Exists (0.6ms)[0m  [1m[34mSELECT  1 AS one FROM "users" WHERE "users"."username" = $1 LIMIT $2[0m  [["username", "aa"], ["LIMIT", 1]]
  ↳ app/controllers/api/users_controller.rb:5
  [1m[36mUser Exists (0.6ms)[0m  [1m[34mSELECT  1 AS one FROM "users" WHERE "users"."email" = $1 LIMIT $2[0m  [["email", "b"], ["LIMIT", 1]]
  ↳ app/controllers/api/users_controller.rb:5
  [1m[36mUser Exists (0.4ms)[0m  [1m[34mSELECT  1 AS one FROM "users" WHERE "users"."session_token" = $1 LIMIT $2[0m  [["session_token", "Rf345mlYxe-ev2_HrUKvcA"], ["LIMIT", 1]]
  ↳ app/controllers/api/users_controller.rb:5
  [1m[36mUser Create (0.9ms)[0m  [1m[32mINSERT INTO "users" ("username", "email", "password_digest", "session_token", "created_at", "updated_at") VALUES ($1, $2, $3, $4, $5, $6) RETURNING "id"[0m  [["username", "aa"], ["email", "b"], ["password_digest", "$2a$12$rIiKysobAdxBYbkmqPoOQO9w.5.rhjEL5zveylRPGFnB7/DygcUku"], ["session_token", "Rf345mlYxe-ev2_HrUKvcA"], ["created_at", "2019-11-06 02:54:16.685064"], ["updated_at", "2019-11-06 02:54:16.685064"]]
  ↳ app/controllers/api/users_controller.rb:5
  [1m[35m (2.0ms)[0m  [1m[35mCOMMIT[0m
  ↳ app/controllers/api/users_controller.rb:5
  [1m[35m (0.6ms)[0m  [1m[35mBEGIN[0m
  ↳ app/models/user.rb:26
  [1m[36mUser Exists (0.9ms)[0m  [1m[34mSELECT  1 AS one FROM "users" WHERE "users"."username" = $1 AND "users"."id" != $2 LIMIT $3[0m  [["username", "aa"], ["id", 3], ["LIMIT", 1]]
  ↳ app/models/user.rb:26
  [1m[36mUser Exists (0.8ms)[0m  [1m[34mSELECT  1 AS one FROM "users" WHERE "users"."email" = $1 AND "users"."id" != $2 LIMIT $3[0m  [["email", "b"], ["id", 3], ["LIMIT", 1]]
  ↳ app/models/user.rb:26
  [1m[36mUser Exists (0.5ms)[0m  [1m[34mSELECT  1 AS one FROM "users" WHERE "users"."session_token" = $1 AND "users"."id" != $2 LIMIT $3[0m  [["session_token", "w-wkPFZ260LzNFzr1qDGRQ"], ["id", 3], ["LIMIT", 1]]
  ↳ app/models/user.rb:26
  [1m[36mUser Update (0.7ms)[0m  [1m[33mUPDATE "users" SET "session_token" = $1, "updated_at" = $2 WHERE "users"."id" = $3[0m  [["session_token", "w-wkPFZ260LzNFzr1qDGRQ"], ["updated_at", "2019-11-06 02:54:16.699864"], ["id", 3]]
  ↳ app/models/user.rb:26
  [1m[35m (0.4ms)[0m  [1m[35mCOMMIT[0m
  ↳ app/models/user.rb:26
  [1m[35m (1.3ms)[0m  [1m[35mBEGIN[0m
  ↳ app/models/user.rb:26
  [1m[36mUser Exists (0.8ms)[0m  [1m[34mSELECT  1 AS one FROM "users" WHERE "users"."username" = $1 AND "users"."id" != $2 LIMIT $3[0m  [["username", "aa"], ["id", 3], ["LIMIT", 1]]
  ↳ app/models/user.rb:26
  [1m[36mUser Exists (0.9ms)[0m  [1m[34mSELECT  1 AS one FROM "users" WHERE "users"."email" = $1 AND "users"."id" != $2 LIMIT $3[0m  [["email", "b"], ["id", 3], ["LIMIT", 1]]
  ↳ app/models/user.rb:26
  [1m[36mUser Exists (0.5ms)[0m  [1m[34mSELECT  1 AS one FROM "users" WHERE "users"."session_token" = $1 AND "users"."id" != $2 LIMIT $3[0m  [["session_token", "e1NmzDu2oZJjKvmXbrvBvA"], ["id", 3], ["LIMIT", 1]]
  ↳ app/models/user.rb:26
  [1m[36mUser Update (0.6ms)[0m  [1m[33mUPDATE "users" SET "session_token" = $1, "updated_at" = $2 WHERE "users"."id" = $3[0m  [["session_token", "e1NmzDu2oZJjKvmXbrvBvA"], ["updated_at", "2019-11-06 02:54:16.716195"], ["id", 3]]
  ↳ app/models/user.rb:26
  [1m[35m (0.4ms)[0m  [1m[35mCOMMIT[0m
  ↳ app/models/user.rb:26
Completed 200 OK in 344ms (Views: 1.3ms | ActiveRecord: 13.2ms)


Started GET "/" for ::1 at 2019-11-05 18:57:48 -0800
Processing by StaticPagesController#root as HTML
  Rendering static_pages/root.html.erb within layouts/application
  Rendered static_pages/root.html.erb within layouts/application (0.6ms)
Completed 200 OK in 478ms (Views: 477.5ms | ActiveRecord: 0.0ms)


Started POST "/api/session" for ::1 at 2019-11-05 18:57:54 -0800
Processing by Api::SessionsController#create as JSON
  Parameters: {"user"=>{"email"=>"wolf", "username"=>"", "password"=>"[FILTERED]"}}
  [1m[36mUser Load (0.9ms)[0m  [1m[34mSELECT  "users".* FROM "users" WHERE "users"."username" = $1 LIMIT $2[0m  [["username", "wolf"], ["LIMIT", 1]]
  ↳ app/models/user.rb:11
  [1m[35m (0.2ms)[0m  [1m[35mBEGIN[0m
  ↳ app/models/user.rb:26
  [1m[36mUser Exists (1.0ms)[0m  [1m[34mSELECT  1 AS one FROM "users" WHERE "users"."username" = $1 AND "users"."id" != $2 LIMIT $3[0m  [["username", "wolf"], ["id", 1], ["LIMIT", 1]]
  ↳ app/models/user.rb:26
  [1m[36mUser Exists (0.6ms)[0m  [1m[34mSELECT  1 AS one FROM "users" WHERE "users"."email" = $1 AND "users"."id" != $2 LIMIT $3[0m  [["email", "wolf"], ["id", 1], ["LIMIT", 1]]
  ↳ app/models/user.rb:26
  [1m[36mUser Exists (0.5ms)[0m  [1m[34mSELECT  1 AS one FROM "users" WHERE "users"."session_token" = $1 AND "users"."id" != $2 LIMIT $3[0m  [["session_token", "K9q53w7TAaMnJ5ITKjfKug"], ["id", 1], ["LIMIT", 1]]
  ↳ app/models/user.rb:26
  [1m[36mUser Update (0.8ms)[0m  [1m[33mUPDATE "users" SET "session_token" = $1, "updated_at" = $2 WHERE "users"."id" = $3[0m  [["session_token", "K9q53w7TAaMnJ5ITKjfKug"], ["updated_at", "2019-11-06 02:57:55.180640"], ["id", 1]]
  ↳ app/models/user.rb:26
  [1m[35m (2.0ms)[0m  [1m[35mCOMMIT[0m
  ↳ app/models/user.rb:26
  [1m[35m (0.2ms)[0m  [1m[35mBEGIN[0m
  ↳ app/models/user.rb:26
  [1m[36mUser Exists (0.9ms)[0m  [1m[34mSELECT  1 AS one FROM "users" WHERE "users"."username" = $1 AND "users"."id" != $2 LIMIT $3[0m  [["username", "wolf"], ["id", 1], ["LIMIT", 1]]
  ↳ app/models/user.rb:26
  [1m[36mUser Exists (0.7ms)[0m  [1m[34mSELECT  1 AS one FROM "users" WHERE "users"."email" = $1 AND "users"."id" != $2 LIMIT $3[0m  [["email", "wolf"], ["id", 1], ["LIMIT", 1]]
  ↳ app/models/user.rb:26
  [1m[36mUser Exists (0.7ms)[0m  [1m[34mSELECT  1 AS one FROM "users" WHERE "users"."session_token" = $1 AND "users"."id" != $2 LIMIT $3[0m  [["session_token", "O7jaxevBvDX54n3LQ7lqqA"], ["id", 1], ["LIMIT", 1]]
  ↳ app/models/user.rb:26
  [1m[36mUser Update (0.7ms)[0m  [1m[33mUPDATE "users" SET "session_token" = $1, "updated_at" = $2 WHERE "users"."id" = $3[0m  [["session_token", "O7jaxevBvDX54n3LQ7lqqA"], ["updated_at", "2019-11-06 02:57:55.193372"], ["id", 1]]
  ↳ app/models/user.rb:26
  [1m[35m (0.4ms)[0m  [1m[35mCOMMIT[0m
  ↳ app/models/user.rb:26
Completed 200 OK in 318ms (Views: 0.5ms | ActiveRecord: 10.0ms)


  [1m[36mUser Load (1.1ms)[0m  [1m[34mSELECT "users".* FROM "users"[0m
  [1m[36mUser Load (0.7ms)[0m  [1m[34mSELECT "users".* FROM "users"[0m
  [1m[35m (0.2ms)[0m  [1m[35mBEGIN[0m
  [1m[36mUser Destroy (0.9ms)[0m  [1m[31mDELETE FROM "users" WHERE "users"."id" = $1[0m  [["id", 2]]
  [1m[35m (6.2ms)[0m  [1m[35mCOMMIT[0m
  [1m[35m (0.2ms)[0m  [1m[35mBEGIN[0m
  [1m[36mUser Destroy (0.4ms)[0m  [1m[31mDELETE FROM "users" WHERE "users"."id" = $1[0m  [["id", 3]]
  [1m[35m (5.9ms)[0m  [1m[35mCOMMIT[0m
  [1m[35m (0.3ms)[0m  [1m[35mBEGIN[0m
  [1m[36mUser Destroy (0.7ms)[0m  [1m[31mDELETE FROM "users" WHERE "users"."id" = $1[0m  [["id", 1]]
  [1m[35m (5.1ms)[0m  [1m[35mCOMMIT[0m
  [1m[36mUser Load (0.7ms)[0m  [1m[34mSELECT "users".* FROM "users"[0m
Started GET "/" for ::1 at 2019-11-05 18:58:59 -0800
Processing by StaticPagesController#root as HTML
  Rendering static_pages/root.html.erb within layouts/application
  Rendered static_pages/root.html.erb within layouts/application (0.5ms)
Completed 200 OK in 485ms (Views: 484.5ms | ActiveRecord: 0.0ms)


Started GET "/" for ::1 at 2019-11-05 19:07:45 -0800
Processing by StaticPagesController#root as HTML
  Rendering static_pages/root.html.erb within layouts/application
  Rendered static_pages/root.html.erb within layouts/application (0.4ms)
Completed 200 OK in 464ms (Views: 464.1ms | ActiveRecord: 0.0ms)


Started GET "/" for ::1 at 2019-11-05 19:12:37 -0800
Processing by StaticPagesController#root as HTML
  Rendering static_pages/root.html.erb within layouts/application
  Rendered static_pages/root.html.erb within layouts/application (0.6ms)
Completed 200 OK in 509ms (Views: 508.8ms | ActiveRecord: 0.0ms)


